[21:30:40]  ***************** Node program started just right now! *****************
[21:30:42]  Successfully entered the torrent.
[21:30:42]  I informed the tracker that I'm still alive in the torrent!
[21:31:00]  I informed the tracker that I'm still alive in the torrent!
[21:31:20]  I informed the tracker that I'm still alive in the torrent!
[21:32:28]  ***************** Node program started just right now! *****************
[21:32:30]  Successfully entered the torrent.
[21:32:30]  I informed the tracker that I'm still alive in the torrent!
[21:32:31]  You just started to download file_A.txt. Let's search it in torrent!
[21:32:48]  I informed the tracker that I'm still alive in the torrent!
[21:33:08]  I informed the tracker that I'm still alive in the torrent!
[21:33:28]  I informed the tracker that I'm still alive in the torrent!
[21:33:33]  You just started to download file_A.txt. Let's search it in torrent!
[21:33:40]  ***************** Node program started just right now! *****************
[21:33:42]  Successfully entered the torrent.
[21:33:42]  I informed the tracker that I'm still alive in the torrent!
[21:33:43]  You just started to download file_A.txt. Let's search it in torrent!
[21:34:00]  I informed the tracker that I'm still alive in the torrent!
[21:34:20]  I informed the tracker that I'm still alive in the torrent!
[21:34:40]  I informed the tracker that I'm still alive in the torrent!
[21:34:50]  ***************** Node program started just right now! *****************
[21:34:53]  Successfully entered the torrent.
[21:34:53]  I informed the tracker that I'm still alive in the torrent!
[21:34:55]  You just started to download file_A.txt. Let's search it in torrent!
[21:35:27]  ***************** Node program started just right now! *****************
[21:35:29]  Successfully entered the torrent.
[21:35:29]  I informed the tracker that I'm still alive in the torrent!
[21:35:43]  You just started to download file_A.txt. Let's search it in torrent!
[21:35:47]  I informed the tracker that I'm still alive in the torrent!
[21:36:07]  I informed the tracker that I'm still alive in the torrent!
[21:36:27]  I informed the tracker that I'm still alive in the torrent!
[21:36:47]  ***************** Node program started just right now! *****************
[21:36:49]  Successfully entered the torrent.
[21:36:49]  I informed the tracker that I'm still alive in the torrent!
[21:36:51]  You just started to download file_A.txt. Let's search it in torrent!
[21:37:07]  I informed the tracker that I'm still alive in the torrent!
[21:37:27]  I informed the tracker that I'm still alive in the torrent!
[21:37:47]  I informed the tracker that I'm still alive in the torrent!
[21:38:07]  I informed the tracker that I'm still alive in the torrent!
[21:38:27]  I informed the tracker that I'm still alive in the torrent!
[21:38:33]  ***************** Node program started just right now! *****************
[21:38:35]  Successfully entered the torrent.
[21:38:35]  I informed the tracker that I'm still alive in the torrent!
[21:38:37]  You just started to download file_A.txt. Let's search it in torrent!
[21:38:53]  I informed the tracker that I'm still alive in the torrent!
[21:39:13]  I informed the tracker that I'm still alive in the torrent!
[21:39:33]  I informed the tracker that I'm still alive in the torrent!
[21:39:52]  ***************** Node program started just right now! *****************
[21:39:54]  Successfully entered the torrent.
[21:39:54]  I informed the tracker that I'm still alive in the torrent!
[21:39:56]  You just started to download file_A.txt. Let's search it in torrent!
[21:40:12]  I informed the tracker that I'm still alive in the torrent!
[21:40:32]  I informed the tracker that I'm still alive in the torrent!
[21:40:52]  I informed the tracker that I'm still alive in the torrent!
[21:41:12]  I informed the tracker that I'm still alive in the torrent!
[21:41:32]  I informed the tracker that I'm still alive in the torrent!
[21:41:52]  I informed the tracker that I'm still alive in the torrent!
[21:42:11]  ***************** Node program started just right now! *****************
[21:42:13]  Successfully entered the torrent.
[21:42:13]  I informed the tracker that I'm still alive in the torrent!
[21:42:15]  You just started to download file_A.txt. Let's search it in torrent!
[21:42:31]  I informed the tracker that I'm still alive in the torrent!
[21:42:51]  I informed the tracker that I'm still alive in the torrent!
[21:43:03]  ***************** Node program started just right now! *****************
[21:43:05]  Successfully entered the torrent.
[21:43:05]  I informed the tracker that I'm still alive in the torrent!
[21:43:07]  You just started to download file_A.txt. Let's search it in torrent!
[21:43:23]  I informed the tracker that I'm still alive in the torrent!
[21:43:43]  I informed the tracker that I'm still alive in the torrent!
[21:44:03]  I informed the tracker that I'm still alive in the torrent!
[21:44:23]  I informed the tracker that I'm still alive in the torrent!
[21:44:43]  I informed the tracker that I'm still alive in the torrent!
[21:49:03]  ***************** Node program started just right now! *****************
[21:49:05]  Successfully entered the torrent.
[21:49:05]  I informed the tracker that I'm still alive in the torrent!
[21:49:07]  You just started to download file_A.txt. Let's search it in torrent!
[21:49:23]  I informed the tracker that I'm still alive in the torrent!
[21:49:43]  I informed the tracker that I'm still alive in the torrent!
[21:50:03]  I informed the tracker that I'm still alive in the torrent!
[21:50:23]  I informed the tracker that I'm still alive in the torrent!
[21:50:43]  I informed the tracker that I'm still alive in the torrent!
[21:51:03]  I informed the tracker that I'm still alive in the torrent!
[00:45:53]  ***************** Node program started just right now! *****************
[00:45:55]  Successfully entered the torrent.
[00:45:55]  I informed the tracker that I'm still alive in the torrent!
[00:46:13]  I informed the tracker that I'm still alive in the torrent!
[00:46:14]  You just started to download file_A.txt. Let's search it in torrent!
[00:46:16]  You are going to download file_A.txt from Node(s) [1]
[00:56:13]  ***************** Node program started just right now! *****************
[00:56:15]  Successfully entered the torrent.
[00:56:15]  I informed the tracker that I'm still alive in the torrent!
[00:56:33]  I informed the tracker that I'm still alive in the torrent!
[00:56:51]  You just started to download file_A.txt. Let's search it in torrent!
[00:56:53]  I informed the tracker that I'm still alive in the torrent!
[00:56:53]  You are going to download file_A.txt from Node(s) [1]
[00:56:53]  The file file_A.txt which you are about to download, has size of None bytes
[00:59:09]  ***************** Node program started just right now! *****************
[00:59:11]  Successfully entered the torrent.
[00:59:11]  I informed the tracker that I'm still alive in the torrent!
[00:59:29]  I informed the tracker that I'm still alive in the torrent!
[00:59:43]  You just started to download file_A.txt. Let's search it in torrent!
[00:59:45]  You are going to download file_A.txt from Node(s) [1]
[00:59:45]  The file file_A.txt which you are about to download, has size of None bytes
[00:59:49]  I informed the tracker that I'm still alive in the torrent!
[01:00:09]  I informed the tracker that I'm still alive in the torrent!
[01:01:33]  ***************** Node program started just right now! *****************
[01:01:35]  Successfully entered the torrent.
[01:01:35]  I informed the tracker that I'm still alive in the torrent!
[01:01:53]  I informed the tracker that I'm still alive in the torrent!
[01:02:10]  You just started to download file_A.txt. Let's search it in torrent!
[01:02:12]  You are going to download file_A.txt from Node(s) [1, 1]
[01:02:12]  The file file_A.txt which you are about to download, has size of None bytes
[01:02:13]  I informed the tracker that I'm still alive in the torrent!
[01:02:33]  I informed the tracker that I'm still alive in the torrent!
[01:44:50]  ***************** Node program started just right now! *****************
[01:44:52]  Successfully entered the torrent.
[01:44:52]  I informed the tracker that I'm still alive in the torrent!
[01:45:10]  I informed the tracker that I'm still alive in the torrent!
[01:45:30]  I informed the tracker that I'm still alive in the torrent!
[01:45:46]  You just started to download file_A.txt. Let's search it in torrent!
[01:45:48]  You are going to download file_A.txt from Node(s) [1]
[01:45:48]  The file file_A.txt which you are about to download, has size of None bytes
[01:45:50]  I informed the tracker that I'm still alive in the torrent!
[01:46:10]  I informed the tracker that I'm still alive in the torrent!
[01:46:30]  I informed the tracker that I'm still alive in the torrent!
[01:46:50]  I informed the tracker that I'm still alive in the torrent!
[01:47:10]  I informed the tracker that I'm still alive in the torrent!
[01:47:30]  I informed the tracker that I'm still alive in the torrent!
[01:47:50]  I informed the tracker that I'm still alive in the torrent!
[01:48:10]  I informed the tracker that I'm still alive in the torrent!
[01:48:30]  I informed the tracker that I'm still alive in the torrent!
[01:48:50]  I informed the tracker that I'm still alive in the torrent!
[01:49:10]  I informed the tracker that I'm still alive in the torrent!
[01:49:30]  I informed the tracker that I'm still alive in the torrent!
[01:49:50]  I informed the tracker that I'm still alive in the torrent!
[01:50:10]  I informed the tracker that I'm still alive in the torrent!
[01:50:30]  I informed the tracker that I'm still alive in the torrent!
[01:50:50]  I informed the tracker that I'm still alive in the torrent!
[01:51:10]  I informed the tracker that I'm still alive in the torrent!
[01:51:30]  I informed the tracker that I'm still alive in the torrent!
[01:51:50]  I informed the tracker that I'm still alive in the torrent!
[01:52:06]  ***************** Node program started just right now! *****************
[01:52:08]  Successfully entered the torrent.
[01:52:08]  I informed the tracker that I'm still alive in the torrent!
[01:52:23]  You just started to download file_A.txt. Let's search it in torrent!
[01:52:25]  You are going to download file_A.txt from Node(s) [1]
[01:52:26]  I informed the tracker that I'm still alive in the torrent!
[01:52:46]  I informed the tracker that I'm still alive in the torrent!
[01:53:06]  I informed the tracker that I'm still alive in the torrent!
[01:53:26]  I informed the tracker that I'm still alive in the torrent!
[01:53:46]  I informed the tracker that I'm still alive in the torrent!
[01:54:06]  I informed the tracker that I'm still alive in the torrent!
[01:54:26]  I informed the tracker that I'm still alive in the torrent!
[01:54:46]  I informed the tracker that I'm still alive in the torrent!
[01:55:06]  I informed the tracker that I'm still alive in the torrent!
[01:55:28]  ***************** Node program started just right now! *****************
[01:55:30]  Successfully entered the torrent.
[01:55:30]  I informed the tracker that I'm still alive in the torrent!
[01:55:41]  You just started to download file_A.txt. Let's search it in torrent!
[01:55:43]  You are going to download file_A.txt from Node(s) [1]
[01:55:43]  The file file_A.txt which you are about to download, has size of None bytes
[01:55:48]  I informed the tracker that I'm still alive in the torrent!
[01:56:08]  I informed the tracker that I'm still alive in the torrent!
[01:56:28]  I informed the tracker that I'm still alive in the torrent!
[01:56:48]  I informed the tracker that I'm still alive in the torrent!
[01:57:08]  I informed the tracker that I'm still alive in the torrent!
[01:57:28]  I informed the tracker that I'm still alive in the torrent!
[01:57:48]  I informed the tracker that I'm still alive in the torrent!
[01:58:08]  I informed the tracker that I'm still alive in the torrent!
[01:58:28]  I informed the tracker that I'm still alive in the torrent!
[01:58:48]  I informed the tracker that I'm still alive in the torrent!
[01:59:08]  I informed the tracker that I'm still alive in the torrent!
[01:59:28]  I informed the tracker that I'm still alive in the torrent!
[01:59:48]  I informed the tracker that I'm still alive in the torrent!
[02:00:08]  I informed the tracker that I'm still alive in the torrent!
[02:00:28]  I informed the tracker that I'm still alive in the torrent!
[02:00:48]  I informed the tracker that I'm still alive in the torrent!
[02:01:08]  I informed the tracker that I'm still alive in the torrent!
[02:01:28]  I informed the tracker that I'm still alive in the torrent!
[02:01:48]  I informed the tracker that I'm still alive in the torrent!
[02:02:08]  I informed the tracker that I'm still alive in the torrent!
[02:02:28]  I informed the tracker that I'm still alive in the torrent!
[02:02:48]  I informed the tracker that I'm still alive in the torrent!
[02:03:08]  I informed the tracker that I'm still alive in the torrent!
[02:03:28]  I informed the tracker that I'm still alive in the torrent!
[02:03:48]  I informed the tracker that I'm still alive in the torrent!
[02:04:08]  I informed the tracker that I'm still alive in the torrent!
[02:04:28]  I informed the tracker that I'm still alive in the torrent!
[02:04:48]  I informed the tracker that I'm still alive in the torrent!
[02:05:08]  I informed the tracker that I'm still alive in the torrent!
[02:05:28]  I informed the tracker that I'm still alive in the torrent!
[02:05:48]  I informed the tracker that I'm still alive in the torrent!
[02:06:08]  I informed the tracker that I'm still alive in the torrent!
[02:06:28]  I informed the tracker that I'm still alive in the torrent!
[02:06:48]  I informed the tracker that I'm still alive in the torrent!
[02:07:08]  I informed the tracker that I'm still alive in the torrent!
[02:07:28]  I informed the tracker that I'm still alive in the torrent!
[02:07:48]  I informed the tracker that I'm still alive in the torrent!
[02:08:08]  I informed the tracker that I'm still alive in the torrent!
[02:08:28]  I informed the tracker that I'm still alive in the torrent!
[02:08:48]  I informed the tracker that I'm still alive in the torrent!
[02:09:08]  I informed the tracker that I'm still alive in the torrent!
[02:09:28]  I informed the tracker that I'm still alive in the torrent!
[02:09:48]  I informed the tracker that I'm still alive in the torrent!
[02:10:08]  I informed the tracker that I'm still alive in the torrent!
[13:33:33]  ***************** Node program started just right now! *****************
[13:33:35]  Successfully entered the torrent.
[13:33:35]  I informed the tracker that I'm still alive in the torrent!
[13:33:45]  You just started to download file_A.txt. Let's search it in torrent!
[13:33:47]  You are going to download file_A.txt from Node(s) [1]
[13:33:53]  I informed the tracker that I'm still alive in the torrent!
[13:34:13]  I informed the tracker that I'm still alive in the torrent!
[13:39:53]  ***************** Node program started just right now! *****************
[13:39:55]  Successfully entered the torrent.
[13:39:55]  I informed the tracker that I'm still alive in the torrent!
[13:40:13]  I informed the tracker that I'm still alive in the torrent!
[13:40:33]  I informed the tracker that I'm still alive in the torrent!
[13:40:50]  You just started to download file_A.txt. Let's search it in torrent!
[13:40:52]  You are going to download file_A.txt from Node(s) [1]
[13:40:53]  I informed the tracker that I'm still alive in the torrent!
[13:41:13]  I informed the tracker that I'm still alive in the torrent!
[13:51:24]  ***************** Node program started just right now! *****************
[13:51:26]  Successfully entered the torrent.
[13:51:26]  I informed the tracker that I'm still alive in the torrent!
[13:51:39]  You just started to download file_A.txt. Let's search it in torrent!
[13:51:41]  You are going to download file_A.txt from Node(s) [1]
[13:51:41]  The file file_A.txt which you are about to download, has size of -1 bytes
[13:51:42]  All the chunks of file_A.txt has downloaded from neighboring peers. But they must be reassembled!
[13:51:42]  All the pieces of the file_A.txt is now sorted and ready to be reassembled.
[13:51:42]  file_A.txt has successfully downloaded and saved in my files directory.
[13:51:44]  I informed the tracker that I'm still alive in the torrent!
[13:52:04]  I informed the tracker that I'm still alive in the torrent!
[13:52:24]  I informed the tracker that I'm still alive in the torrent!
[13:58:31]  ***************** Node program started just right now! *****************
[13:58:33]  Successfully entered the torrent.
[13:58:33]  I informed the tracker that I'm still alive in the torrent!
[13:58:51]  I informed the tracker that I'm still alive in the torrent!
[13:59:11]  I informed the tracker that I'm still alive in the torrent!
[13:59:18]  You just started to download file_B.txt. Let's search it in torrent!
[13:59:20]  You are going to download file_B.txt from Node(s) [1]
[13:59:20]  The file file_B.txt which you are about to download, has size of -1 bytes
[13:59:20]  All the chunks of file_B.txt has downloaded from neighboring peers. But they must be reassembled!
[13:59:20]  All the pieces of the file_B.txt is now sorted and ready to be reassembled.
[13:59:20]  file_B.txt has successfully downloaded and saved in my files directory.
[13:59:31]  I informed the tracker that I'm still alive in the torrent!
[14:03:22]  ***************** Node program started just right now! *****************
[14:03:24]  Successfully entered the torrent.
[14:03:24]  I informed the tracker that I'm still alive in the torrent!
[14:03:42]  I informed the tracker that I'm still alive in the torrent!
[14:04:02]  I informed the tracker that I'm still alive in the torrent!
[14:04:22]  I informed the tracker that I'm still alive in the torrent!
[14:04:42]  I informed the tracker that I'm still alive in the torrent!
[14:06:06]  ***************** Node program started just right now! *****************
[14:06:08]  Successfully entered the torrent.
[14:06:08]  I informed the tracker that I'm still alive in the torrent!
[14:06:26]  I informed the tracker that I'm still alive in the torrent!
[14:07:49]  ***************** Node program started just right now! *****************
[14:07:51]  Successfully entered the torrent.
[14:07:51]  I informed the tracker that I'm still alive in the torrent!
[14:08:09]  I informed the tracker that I'm still alive in the torrent!
[14:08:10]  You just started to download file_A.txt. Let's search it in torrent!
[14:08:12]  You are going to download file_A.txt from Node(s) [1]
[14:08:12]  The file file_A.txt which you are about to download, has size of -1 bytes
[14:08:12]  All the chunks of file_A.txt has downloaded from neighboring peers. But they must be reassembled!
[14:08:12]  All the pieces of the file_A.txt is now sorted and ready to be reassembled.
[14:08:12]  file_A.txt has successfully downloaded and saved in my files directory.
[14:08:29]  I informed the tracker that I'm still alive in the torrent!
[14:08:49]  I informed the tracker that I'm still alive in the torrent!
[14:12:02]  ***************** Node program started just right now! *****************
[14:12:04]  Successfully entered the torrent.
[14:12:04]  I informed the tracker that I'm still alive in the torrent!
[14:12:22]  I informed the tracker that I'm still alive in the torrent!
[14:12:23]  You already have this file!
[14:12:42]  I informed the tracker that I'm still alive in the torrent!
[14:13:04]  ***************** Node program started just right now! *****************
[14:13:06]  Successfully entered the torrent.
[14:13:06]  I informed the tracker that I'm still alive in the torrent!
[14:13:08]  You just started to download file_A.txt. Let's search it in torrent!
[14:13:10]  You are going to download file_A.txt from Node(s) [1]
[14:13:10]  The file file_A.txt which you are about to download, has size of -1 bytes
[14:13:10]  All the chunks of file_A.txt has downloaded from neighboring peers. But they must be reassembled!
[14:13:10]  All the pieces of the file_A.txt is now sorted and ready to be reassembled.
[14:13:10]  file_A.txt has successfully downloaded and saved in my files directory.
[14:13:24]  I informed the tracker that I'm still alive in the torrent!
[14:21:58]  ***************** Node program started just right now! *****************
[14:22:00]  Successfully entered the torrent.
[14:22:00]  I informed the tracker that I'm still alive in the torrent!
[14:22:18]  I informed the tracker that I'm still alive in the torrent!
[14:22:37]  You just started to download file_B.txt. Let's search it in torrent!
[14:22:38]  I informed the tracker that I'm still alive in the torrent!
[14:22:39]  You are going to download file_B.txt from Node(s) [1]
[14:22:39]  The file file_B.txt which you are about to download, has size of -1 bytes
[14:22:39]  All the chunks of file_B.txt has downloaded from neighboring peers. But they must be reassembled!
[14:22:39]  All the pieces of the file_B.txt is now sorted and ready to be reassembled.
[14:22:39]  file_B.txt has successfully downloaded and saved in my files directory.
[14:23:46]  ***************** Node program started just right now! *****************
[14:23:48]  Successfully entered the torrent.
[14:23:48]  I informed the tracker that I'm still alive in the torrent!
[14:24:03]  You just started to download file_A.txt. Let's search it in torrent!
[14:24:05]  You are going to download file_A.txt from Node(s) [1]
[14:24:05]  The file file_A.txt which you are about to download, has size of -1 bytes
[14:24:05]  All the chunks of file_A.txt has downloaded from neighboring peers. But they must be reassembled!
[14:24:05]  All the pieces of the file_A.txt is now sorted and ready to be reassembled.
[14:24:05]  file_A.txt has successfully downloaded and saved in my files directory.
[14:24:06]  I informed the tracker that I'm still alive in the torrent!
[14:33:08]  ***************** Node program started just right now! *****************
[14:33:10]  Successfully entered the torrent.
[14:33:10]  I informed the tracker that I'm still alive in the torrent!
[14:33:28]  I informed the tracker that I'm still alive in the torrent!
[14:33:48]  I informed the tracker that I'm still alive in the torrent!
[14:34:08]  I informed the tracker that I'm still alive in the torrent!
[14:34:28]  I informed the tracker that I'm still alive in the torrent!
[14:34:48]  I informed the tracker that I'm still alive in the torrent!
[14:35:08]  I informed the tracker that I'm still alive in the torrent!
[14:35:28]  I informed the tracker that I'm still alive in the torrent!
[14:35:48]  I informed the tracker that I'm still alive in the torrent!
[14:36:08]  I informed the tracker that I'm still alive in the torrent!
[14:36:28]  I informed the tracker that I'm still alive in the torrent!
[14:36:48]  I informed the tracker that I'm still alive in the torrent!
[14:39:07]  ***************** Node program started just right now! *****************
[14:39:09]  Successfully entered the torrent.
[14:39:09]  I informed the tracker that I'm still alive in the torrent!
[14:39:27]  I informed the tracker that I'm still alive in the torrent!
[14:39:27]  You just started to download file_A.txt. Let's search it in torrent!
[14:39:29]  You are going to download file_A.txt from Node(s) [1]
[14:39:29]  The file file_A.txt which you are about to download, has size of -1 bytes
[14:39:29]  All the chunks of file_A.txt has downloaded from neighboring peers. But they must be reassembled!
[14:39:29]  All the pieces of the file_A.txt is now sorted and ready to be reassembled.
[14:39:29]  file_A.txt has successfully downloaded and saved in my files directory.
[14:53:03]  ***************** Node program started just right now! *****************
[14:53:05]  Successfully entered the torrent.
[14:53:05]  I informed the tracker that I'm still alive in the torrent!
[14:53:11]  You just started to download file_A.txt. Let's search it in torrent!
[14:53:13]  You are going to download file_A.txt from Node(s) [1]
[14:53:23]  I informed the tracker that I'm still alive in the torrent!
[14:53:43]  I informed the tracker that I'm still alive in the torrent!
[14:54:03]  I informed the tracker that I'm still alive in the torrent!
[14:54:23]  I informed the tracker that I'm still alive in the torrent!
[14:54:43]  I informed the tracker that I'm still alive in the torrent!
[14:55:03]  I informed the tracker that I'm still alive in the torrent!
[14:55:23]  I informed the tracker that I'm still alive in the torrent!
[14:55:43]  I informed the tracker that I'm still alive in the torrent!
[14:56:03]  I informed the tracker that I'm still alive in the torrent!
[14:56:23]  I informed the tracker that I'm still alive in the torrent!
[14:56:43]  I informed the tracker that I'm still alive in the torrent!
[14:57:03]  I informed the tracker that I'm still alive in the torrent!
[14:57:23]  I informed the tracker that I'm still alive in the torrent!
[14:57:43]  I informed the tracker that I'm still alive in the torrent!
[14:57:56]  The file file_A.txt which you are about to download, has size of -1 bytes
[14:57:56]  All the chunks of file_A.txt has downloaded from neighboring peers. But they must be reassembled!
[14:57:56]  All the pieces of the file_A.txt is now sorted and ready to be reassembled.
[14:57:56]  file_A.txt has successfully downloaded and saved in my files directory.
[14:58:16]  ***************** Node program started just right now! *****************
[14:58:18]  Successfully entered the torrent.
[14:58:18]  I informed the tracker that I'm still alive in the torrent!
[14:58:36]  I informed the tracker that I'm still alive in the torrent!
[14:58:38]  You just started to download file_A.txt. Let's search it in torrent!
[14:58:40]  You are going to download file_A.txt from Node(s) [1]
[14:58:56]  I informed the tracker that I'm still alive in the torrent!
[14:59:16]  I informed the tracker that I'm still alive in the torrent!
[14:59:36]  I informed the tracker that I'm still alive in the torrent!
[14:59:56]  I informed the tracker that I'm still alive in the torrent!
[15:00:16]  I informed the tracker that I'm still alive in the torrent!
[15:00:36]  I informed the tracker that I'm still alive in the torrent!
[15:00:56]  I informed the tracker that I'm still alive in the torrent!
[15:01:16]  I informed the tracker that I'm still alive in the torrent!
[15:01:36]  I informed the tracker that I'm still alive in the torrent!
[15:01:56]  I informed the tracker that I'm still alive in the torrent!
[15:02:16]  I informed the tracker that I'm still alive in the torrent!
[15:02:36]  I informed the tracker that I'm still alive in the torrent!
[15:02:56]  I informed the tracker that I'm still alive in the torrent!
[15:03:16]  I informed the tracker that I'm still alive in the torrent!
[15:03:36]  I informed the tracker that I'm still alive in the torrent!
[15:03:56]  I informed the tracker that I'm still alive in the torrent!
[15:04:16]  I informed the tracker that I'm still alive in the torrent!
[15:04:36]  I informed the tracker that I'm still alive in the torrent!
[15:04:56]  I informed the tracker that I'm still alive in the torrent!
[15:05:16]  I informed the tracker that I'm still alive in the torrent!
[15:05:36]  I informed the tracker that I'm still alive in the torrent!
[15:05:56]  I informed the tracker that I'm still alive in the torrent!
[15:06:16]  I informed the tracker that I'm still alive in the torrent!
[15:06:36]  I informed the tracker that I'm still alive in the torrent!
[15:06:56]  I informed the tracker that I'm still alive in the torrent!
[15:07:16]  I informed the tracker that I'm still alive in the torrent!
[15:07:52]  ***************** Node program started just right now! *****************
[15:07:54]  Successfully entered the torrent.
[15:07:54]  I informed the tracker that I'm still alive in the torrent!
[15:08:12]  I informed the tracker that I'm still alive in the torrent!
[15:08:16]  You just started to download file_A.txt. Let's search it in torrent!
[15:08:18]  You are going to download file_A.txt from Node(s) [1]
[15:08:32]  I informed the tracker that I'm still alive in the torrent!
[15:08:52]  I informed the tracker that I'm still alive in the torrent!
[15:09:12]  I informed the tracker that I'm still alive in the torrent!
[15:09:32]  I informed the tracker that I'm still alive in the torrent!
[15:09:52]  I informed the tracker that I'm still alive in the torrent!
[15:10:12]  I informed the tracker that I'm still alive in the torrent!
[15:10:14]  The file file_A.txt which you are about to download, has size of -1 bytes
[15:10:23]  ***************** Node program started just right now! *****************
[15:10:25]  Successfully entered the torrent.
[15:10:25]  I informed the tracker that I'm still alive in the torrent!
[15:10:43]  I informed the tracker that I'm still alive in the torrent!
[15:10:44]  You just started to download file_A.tx. Let's search it in torrent!
[15:10:46]  No one has file_A.tx
[15:11:03]  I informed the tracker that I'm still alive in the torrent!
[15:11:41]  ***************** Node program started just right now! *****************
[15:11:43]  Successfully entered the torrent.
[15:11:43]  I informed the tracker that I'm still alive in the torrent!
[15:11:58]  You just started to download file_A.txt. Let's search it in torrent!
[15:12:00]  You are going to download file_A.txt from Node(s) [1]
[15:12:01]  I informed the tracker that I'm still alive in the torrent!
[15:12:21]  I informed the tracker that I'm still alive in the torrent!
[15:12:41]  I informed the tracker that I'm still alive in the torrent!
[15:13:01]  I informed the tracker that I'm still alive in the torrent!
[15:13:21]  I informed the tracker that I'm still alive in the torrent!
[15:13:41]  I informed the tracker that I'm still alive in the torrent!
[15:14:01]  I informed the tracker that I'm still alive in the torrent!
[15:14:21]  I informed the tracker that I'm still alive in the torrent!
[15:14:41]  I informed the tracker that I'm still alive in the torrent!
[15:15:01]  I informed the tracker that I'm still alive in the torrent!
[15:15:21]  I informed the tracker that I'm still alive in the torrent!
[15:15:41]  I informed the tracker that I'm still alive in the torrent!
[15:16:01]  I informed the tracker that I'm still alive in the torrent!
[15:16:21]  I informed the tracker that I'm still alive in the torrent!
[15:16:41]  I informed the tracker that I'm still alive in the torrent!
[15:17:01]  I informed the tracker that I'm still alive in the torrent!
[15:17:21]  I informed the tracker that I'm still alive in the torrent!
[15:17:41]  I informed the tracker that I'm still alive in the torrent!
[15:18:01]  I informed the tracker that I'm still alive in the torrent!
[15:18:21]  I informed the tracker that I'm still alive in the torrent!
[15:18:41]  I informed the tracker that I'm still alive in the torrent!
[15:19:01]  I informed the tracker that I'm still alive in the torrent!
[15:19:02]  The file file_A.txt which you are about to download, has size of -1 bytes
[15:19:09]  ***************** Node program started just right now! *****************
[15:19:11]  Successfully entered the torrent.
[15:19:11]  I informed the tracker that I'm still alive in the torrent!
[15:19:26]  You just started to download file_A.txt. Let's search it in torrent!
[15:19:28]  You are going to download file_A.txt from Node(s) [1]
[15:19:29]  I informed the tracker that I'm still alive in the torrent!
[15:19:49]  I informed the tracker that I'm still alive in the torrent!
[15:20:09]  I informed the tracker that I'm still alive in the torrent!
[15:20:29]  I informed the tracker that I'm still alive in the torrent!
[15:20:33]  The file file_A.txt which you are about to download, has size of -1 bytes
[15:20:35]  All the chunks of file_A.txt has downloaded from neighboring peers. But they must be reassembled!
[15:20:35]  All the pieces of the file_A.txt is now sorted and ready to be reassembled.
[15:20:35]  file_A.txt has successfully downloaded and saved in my files directory.
[15:20:41]  ***************** Node program started just right now! *****************
[15:20:43]  Successfully entered the torrent.
[15:20:43]  I informed the tracker that I'm still alive in the torrent!
[15:20:59]  You already have this file!
[15:21:01]  I informed the tracker that I'm still alive in the torrent!
[15:21:26]  ***************** Node program started just right now! *****************
[15:21:28]  Successfully entered the torrent.
[15:21:28]  I informed the tracker that I'm still alive in the torrent!
[15:21:35]  You just started to download file_A.txt. Let's search it in torrent!
[15:21:37]  You are going to download file_A.txt from Node(s) [1]
[15:21:46]  I informed the tracker that I'm still alive in the torrent!
[15:22:06]  I informed the tracker that I'm still alive in the torrent!
[15:22:26]  I informed the tracker that I'm still alive in the torrent!
[15:22:46]  I informed the tracker that I'm still alive in the torrent!
[15:22:51]  The file file_A.txt which you are about to download, has size of -1 bytes
[15:27:40]  ***************** Node program started just right now! *****************
[15:27:42]  Successfully entered the torrent.
[15:27:42]  I informed the tracker that I'm still alive in the torrent!
[15:27:58]  You just started to download file_A.txt. Let's search it in torrent!
[15:28:00]  You are going to download file_A.txt from Node(s) [1]
[15:28:00]  I informed the tracker that I'm still alive in the torrent!
[15:28:20]  I informed the tracker that I'm still alive in the torrent!
[15:28:25]  The file file_A.txt which you are about to download, has size of -1 bytes
[15:35:39]  ***************** Node program started just right now! *****************
[15:35:41]  Successfully entered the torrent.
[15:35:41]  I informed the tracker that I'm still alive in the torrent!
[15:35:59]  I informed the tracker that I'm still alive in the torrent!
[15:36:00]  You just started to download file_A.txt. Let's search it in torrent!
[15:36:02]  You are going to download file_A.txt from Node(s) [1]
[15:36:19]  I informed the tracker that I'm still alive in the torrent!
[15:36:39]  I informed the tracker that I'm still alive in the torrent!
[15:36:59]  I informed the tracker that I'm still alive in the torrent!
[15:37:19]  I informed the tracker that I'm still alive in the torrent!
[15:37:39]  I informed the tracker that I'm still alive in the torrent!
[15:37:59]  I informed the tracker that I'm still alive in the torrent!
[15:38:19]  I informed the tracker that I'm still alive in the torrent!
[15:38:39]  I informed the tracker that I'm still alive in the torrent!
[15:38:59]  I informed the tracker that I'm still alive in the torrent!
[15:39:19]  I informed the tracker that I'm still alive in the torrent!
[15:39:39]  I informed the tracker that I'm still alive in the torrent!
[15:39:59]  I informed the tracker that I'm still alive in the torrent!
[15:40:19]  I informed the tracker that I'm still alive in the torrent!
[15:40:39]  I informed the tracker that I'm still alive in the torrent!
[15:40:59]  I informed the tracker that I'm still alive in the torrent!
[15:41:19]  I informed the tracker that I'm still alive in the torrent!
[15:41:23]  The file file_A.txt which you are about to download, has size of -1 bytes
[15:41:43]  ***************** Node program started just right now! *****************
[15:41:45]  Successfully entered the torrent.
[15:41:45]  I informed the tracker that I'm still alive in the torrent!
[15:41:52]  You just started to download file_A.txt. Let's search it in torrent!
[15:41:54]  You are going to download file_A.txt from Node(s) [1]
[15:42:03]  I informed the tracker that I'm still alive in the torrent!
[15:42:23]  I informed the tracker that I'm still alive in the torrent!
[15:42:43]  I informed the tracker that I'm still alive in the torrent!
[15:43:03]  I informed the tracker that I'm still alive in the torrent!
[15:43:23]  I informed the tracker that I'm still alive in the torrent!
[15:43:27]  The file file_A.txt which you are about to download, has size of -1 bytes
[15:43:37]  ***************** Node program started just right now! *****************
[15:43:39]  Successfully entered the torrent.
[15:43:39]  I informed the tracker that I'm still alive in the torrent!
[15:43:51]  You just started to download file_A.txt. Let's search it in torrent!
[15:43:53]  You are going to download file_A.txt from Node(s) [1]
[15:43:53]  The file file_A.txt which you are about to download, has size of -1 bytes
[15:43:53]  All the chunks of file_A.txt has downloaded from neighboring peers. But they must be reassembled!
[15:43:53]  All the pieces of the file_A.txt is now sorted and ready to be reassembled.
[15:43:53]  file_A.txt has successfully downloaded and saved in my files directory.
[15:43:57]  I informed the tracker that I'm still alive in the torrent!
[15:48:02]  ***************** Node program started just right now! *****************
[15:48:04]  Successfully entered the torrent.
[15:48:04]  I informed the tracker that I'm still alive in the torrent!
[15:48:19]  You already have this file!
[15:48:22]  I informed the tracker that I'm still alive in the torrent!
[15:48:42]  I informed the tracker that I'm still alive in the torrent!
[15:48:58]  ***************** Node program started just right now! *****************
[15:49:00]  Successfully entered the torrent.
[15:49:00]  I informed the tracker that I'm still alive in the torrent!
[15:49:12]  You just started to download file_A.txt. Let's search it in torrent!
[15:49:14]  You are going to download file_A.txt from Node(s) [1]
[15:49:14]  The file file_A.txt which you are about to download, has size of -1 bytes
[15:49:14]  All the chunks of file_A.txt has downloaded from neighboring peers. But they must be reassembled!
[15:49:14]  All the pieces of the file_A.txt is now sorted and ready to be reassembled.
[15:49:14]  file_A.txt has successfully downloaded and saved in my files directory.
[15:49:18]  I informed the tracker that I'm still alive in the torrent!
[15:52:05]  ***************** Node program started just right now! *****************
[15:52:07]  Successfully entered the torrent.
[15:52:07]  I informed the tracker that I'm still alive in the torrent!
[15:52:20]  You already have this file!
[15:52:25]  I informed the tracker that I'm still alive in the torrent!
[15:52:38]  ***************** Node program started just right now! *****************
[15:52:40]  Successfully entered the torrent.
[15:52:40]  I informed the tracker that I'm still alive in the torrent!
[15:52:53]  You just started to download file_A.txt. Let's search it in torrent!
[15:52:55]  You are going to download file_A.txt from Node(s) [1]
[15:52:58]  I informed the tracker that I'm still alive in the torrent!
[15:53:18]  I informed the tracker that I'm still alive in the torrent!
[15:53:38]  I informed the tracker that I'm still alive in the torrent!
[15:53:58]  I informed the tracker that I'm still alive in the torrent!
[15:54:18]  I informed the tracker that I'm still alive in the torrent!
[15:54:38]  I informed the tracker that I'm still alive in the torrent!
[15:54:48]  The file file_A.txt which you are about to download, has size of -1 bytes
[15:56:45]  ***************** Node program started just right now! *****************
[15:56:47]  Successfully entered the torrent.
[15:56:47]  I informed the tracker that I'm still alive in the torrent!
[15:57:05]  I informed the tracker that I'm still alive in the torrent!
[15:57:07]  You just started to download file_A.txt. Let's search it in torrent!
[15:57:09]  You are going to download file_A.txt from Node(s) [1]
[15:57:25]  I informed the tracker that I'm still alive in the torrent!
[15:57:45]  I informed the tracker that I'm still alive in the torrent!
[15:58:05]  I informed the tracker that I'm still alive in the torrent!
[15:58:25]  I informed the tracker that I'm still alive in the torrent!
[15:58:45]  I informed the tracker that I'm still alive in the torrent!
[15:59:05]  I informed the tracker that I'm still alive in the torrent!
[15:59:12]  The file file_A.txt which you are about to download, has size of -1 bytes
[15:59:28]  ***************** Node program started just right now! *****************
[15:59:30]  Successfully entered the torrent.
[15:59:30]  I informed the tracker that I'm still alive in the torrent!
[15:59:36]  You just started to download file_A.txt. Let's search it in torrent!
[15:59:38]  You are going to download file_A.txt from Node(s) [1]
[15:59:48]  I informed the tracker that I'm still alive in the torrent!
[16:00:08]  I informed the tracker that I'm still alive in the torrent!
[16:00:28]  I informed the tracker that I'm still alive in the torrent!
[16:00:48]  I informed the tracker that I'm still alive in the torrent!
[16:01:08]  I informed the tracker that I'm still alive in the torrent!
[16:01:28]  I informed the tracker that I'm still alive in the torrent!
[16:01:48]  I informed the tracker that I'm still alive in the torrent!
[16:01:57]  The file file_A.txt which you are about to download, has size of -1 bytes
[16:02:07]  ***************** Node program started just right now! *****************
[16:02:09]  Successfully entered the torrent.
[16:02:09]  I informed the tracker that I'm still alive in the torrent!
[16:02:17]  You just started to download file_A.txt. Let's search it in torrent!
[16:02:19]  You are going to download file_A.txt from Node(s) [1]
[16:02:19]  The file file_A.txt which you are about to download, has size of -1 bytes
[16:02:19]  All the chunks of file_A.txt has downloaded from neighboring peers. But they must be reassembled!
[16:02:19]  All the pieces of the file_A.txt is now sorted and ready to be reassembled.
[16:02:19]  file_A.txt has successfully downloaded and saved in my files directory.
[16:02:27]  I informed the tracker that I'm still alive in the torrent!
[16:02:47]  I informed the tracker that I'm still alive in the torrent!
[16:03:07]  I informed the tracker that I'm still alive in the torrent!
[16:03:27]  I informed the tracker that I'm still alive in the torrent!
[16:03:47]  I informed the tracker that I'm still alive in the torrent!
[16:04:07]  I informed the tracker that I'm still alive in the torrent!
[16:04:27]  I informed the tracker that I'm still alive in the torrent!
[16:04:44]  ***************** Node program started just right now! *****************
[16:04:46]  Successfully entered the torrent.
[16:04:46]  I informed the tracker that I'm still alive in the torrent!
[16:04:53]  You already have this file!
[16:05:04]  I informed the tracker that I'm still alive in the torrent!
[16:05:12]  ***************** Node program started just right now! *****************
[16:05:14]  Successfully entered the torrent.
[16:05:14]  I informed the tracker that I'm still alive in the torrent!
[16:05:23]  You just started to download file_A.txt. Let's search it in torrent!
[16:05:25]  You are going to download file_A.txt from Node(s) [1]
[16:05:32]  I informed the tracker that I'm still alive in the torrent!
[16:05:36]  The file file_A.txt which you are about to download, has size of -1 bytes
[16:12:40]  ***************** Node program started just right now! *****************
[16:12:42]  Successfully entered the torrent.
[16:12:42]  I informed the tracker that I'm still alive in the torrent!
[16:12:54]  Announced ownership of file_C.txt to tracker.
[16:12:54]  Waiting for requests...
[16:13:00]  I informed the tracker that I'm still alive in the torrent!
[16:13:04]  You just started to download file_A.txt. Let's search it in torrent!
[16:13:06]  You are going to download file_A.txt from Node(s) [1]
[16:13:20]  I informed the tracker that I'm still alive in the torrent!
[16:13:22]  The file file_A.txt which you are about to download, has size of -1 bytes
[16:23:33]  ***************** Node program started just right now! *****************
[16:23:35]  Successfully entered the torrent.
[16:23:35]  I informed the tracker that I'm still alive in the torrent!
[16:23:43]  You don't have file_A.txt
[16:23:51]  You just started to download file_A.txt. Let's search it in torrent!
[16:23:53]  I informed the tracker that I'm still alive in the torrent!
[16:23:53]  You are going to download file_A.txt from Node(s) [1]
[16:23:53]  The file file_A.txt which you are about to download, has size of 508971 bytes
[16:23:53]  All the chunks of file_A.txt has downloaded from neighboring peers. But they must be reassembled!
[16:23:53]  All the pieces of the file_A.txt is now sorted and ready to be reassembled.
[16:23:53]  file_A.txt has successfully downloaded and saved in my files directory.
[16:36:43]  ***************** Node program started just right now! *****************
[16:36:45]  Successfully entered the torrent.
[16:36:45]  I informed the tracker that I'm still alive in the torrent!
[16:37:03]  I informed the tracker that I'm still alive in the torrent!
[16:37:23]  I informed the tracker that I'm still alive in the torrent!
[16:37:34]  You just started to download file_B.txt. Let's search it in torrent!
[16:37:36]  You are going to download file_B.txt from Node(s) [1]
[16:37:36]  The file file_B.txt which you are about to download, has size of 197367 bytes
[16:37:36]  I sent a request for a chunk of file_B.txt to node 1
[16:37:36]  All the chunks of file_B.txt has downloaded from neighboring peers. But they must be reassembled!
[16:37:36]  All the pieces of the file_B.txt is now sorted and ready to be reassembled.
[16:37:36]  file_B.txt has successfully downloaded and saved in my files directory.
[16:37:43]  I informed the tracker that I'm still alive in the torrent!
[16:57:29]  ***************** Node program started just right now! *****************
[16:57:31]  Successfully entered the torrent.
[16:57:31]  I informed the tracker that I'm still alive in the torrent!
[16:57:49]  I informed the tracker that I'm still alive in the torrent!
[16:58:05]  ***************** Node program started just right now! *****************
[16:58:07]  Successfully entered the torrent.
[16:58:07]  I informed the tracker that I'm still alive in the torrent!
[16:58:16]  You just started to download file_A.txt. Let's search it in torrent!
[16:58:18]  You are going to download file_A.txt from Node(s) [1]
[16:58:18]  The file file_A.txt which you are about to download, has size of 508971 bytes
[16:58:18]  I sent a request for a chunk of file_A.txt to node 1
[16:58:20]  All the chunks of file_A.txt has downloaded from neighboring peers. But they must be reassembled!
[16:58:20]  All the pieces of the file_A.txt is now sorted and ready to be reassembled.
[16:58:20]  file_A.txt has successfully downloaded and saved in my files directory.
[16:58:25]  I informed the tracker that I'm still alive in the torrent!
[17:02:53]  ***************** Node program started just right now! *****************
[17:02:55]  Successfully entered the torrent.
[17:02:55]  I informed the tracker that I'm still alive in the torrent!
[17:03:04]  You just started to download file_A.txt. Let's search it in torrent!
[17:03:06]  You are going to download file_A.txt from Node(s) [1]
[17:03:06]  The file file_A.txt which you are about to download, has size of 508971 bytes
[17:03:06]  I sent a request for a chunk of file_A.txt to node 1
[17:03:13]  I informed the tracker that I'm still alive in the torrent!
[17:03:33]  I informed the tracker that I'm still alive in the torrent!
[17:03:49]  All the chunks of file_A.txt has downloaded from neighboring peers. But they must be reassembled!
[17:03:49]  All the pieces of the file_A.txt is now sorted and ready to be reassembled.
[17:03:49]  file_A.txt has successfully downloaded and saved in my files directory.
[17:12:17]  ***************** Node program started just right now! *****************
[17:12:20]  Successfully entered the torrent.
[17:12:20]  I informed the tracker that I'm still alive in the torrent!
[17:12:28]  You already have this file!
[17:12:37]  I informed the tracker that I'm still alive in the torrent!
[17:12:48]  ***************** Node program started just right now! *****************
[17:12:50]  Successfully entered the torrent.
[17:12:50]  I informed the tracker that I'm still alive in the torrent!
[17:12:57]  You just started to download file_A.txt. Let's search it in torrent!
[17:12:59]  You are going to download file_A.txt from Node(s) [1]
[17:12:59]  The file file_A.txt which you are about to download, has size of 508971 bytes
[17:12:59]  I sent a request for a chunk of file_A.txt to node 1
[17:13:08]  I informed the tracker that I'm still alive in the torrent!
[17:13:28]  I informed the tracker that I'm still alive in the torrent!
[17:13:48]  I informed the tracker that I'm still alive in the torrent!
[17:14:08]  I informed the tracker that I'm still alive in the torrent!
[17:14:28]  I informed the tracker that I'm still alive in the torrent!
[17:14:48]  I informed the tracker that I'm still alive in the torrent!
[17:15:08]  I informed the tracker that I'm still alive in the torrent!
[17:15:28]  I informed the tracker that I'm still alive in the torrent!
[17:15:48]  I informed the tracker that I'm still alive in the torrent!
[17:16:08]  I informed the tracker that I'm still alive in the torrent!
[17:16:18]  All the chunks of file_A.txt has downloaded from neighboring peers. But they must be reassembled!
[17:16:18]  All the pieces of the file_A.txt is now sorted and ready to be reassembled.
[17:16:18]  file_A.txt has successfully downloaded and saved in my files directory.
[17:18:40]  ***************** Node program started just right now! *****************
[17:18:42]  Successfully entered the torrent.
[17:18:42]  I informed the tracker that I'm still alive in the torrent!
[17:19:00]  I informed the tracker that I'm still alive in the torrent!
[17:19:02]  You just started to download file_B.txt. Let's search it in torrent!
[17:19:04]  You are going to download file_B.txt from Node(s) [1]
[17:19:04]  The file file_B.txt which you are about to download, has size of 197367 bytes
[17:19:04]  I sent a request for a chunk of file_B.txt to node 1
[17:19:20]  I informed the tracker that I'm still alive in the torrent!
[17:19:40]  I informed the tracker that I'm still alive in the torrent!
[17:20:00]  I informed the tracker that I'm still alive in the torrent!
[17:20:20]  I informed the tracker that I'm still alive in the torrent!
[17:20:40]  I informed the tracker that I'm still alive in the torrent!
[17:21:00]  I informed the tracker that I'm still alive in the torrent!
[17:23:49]  ***************** Node program started just right now! *****************
[17:23:51]  Successfully entered the torrent.
[17:23:51]  I informed the tracker that I'm still alive in the torrent!
[17:24:09]  I informed the tracker that I'm still alive in the torrent!
[17:24:15]  You just started to download file_B.txt. Let's search it in torrent!
[17:24:17]  You are going to download file_B.txt from Node(s) [1]
[17:24:17]  The file file_B.txt which you are about to download, has size of 197367 bytes
[17:24:17]  I sent a request for a chunk of file_B.txt to node 1
[17:24:17]  All the chunks of file_B.txt has downloaded from neighboring peers. But they must be reassembled!
[17:24:17]  All the pieces of the file_B.txt is now sorted and ready to be reassembled.
[17:24:17]  file_B.txt has successfully downloaded and saved in my files directory.
[17:24:29]  I informed the tracker that I'm still alive in the torrent!
[17:28:42]  ***************** Node program started just right now! *****************
[17:28:44]  Successfully entered the torrent.
[17:28:44]  I informed the tracker that I'm still alive in the torrent!
[17:29:02]  I informed the tracker that I'm still alive in the torrent!
[17:29:22]  I informed the tracker that I'm still alive in the torrent!
[17:29:42]  I informed the tracker that I'm still alive in the torrent!
[17:29:44]  Announced ownership of file_A.txt to tracker.
[17:29:44]  Waiting for requests...
[17:30:02]  I informed the tracker that I'm still alive in the torrent!
[17:31:41]  ***************** Node program started just right now! *****************
[17:31:43]  Successfully entered the torrent.
[17:31:43]  I informed the tracker that I'm still alive in the torrent!
[17:31:48]  You just started to download file_A.txt. Let's search it in torrent!
[17:31:50]  You are going to download file_A.txt from Node(s) [1]
[17:31:50]  The file file_A.txt which you are about to download, has size of 508971 bytes
[17:31:50]  I sent a request for a chunk of file_A.txt to node 1
[17:32:01]  I informed the tracker that I'm still alive in the torrent!
[17:32:21]  I informed the tracker that I'm still alive in the torrent!
[17:32:41]  I informed the tracker that I'm still alive in the torrent!
[17:32:49]  All the chunks of file_A.txt has downloaded from neighboring peers. But they must be reassembled!
[17:32:49]  All the pieces of the file_A.txt is now sorted and ready to be reassembled.
[17:32:49]  file_A.txt has successfully downloaded and saved in my files directory.
[17:38:03]  ***************** Node program started just right now! *****************
[17:38:05]  Successfully entered the torrent.
[17:38:05]  I informed the tracker that I'm still alive in the torrent!
[17:38:23]  You just started to download file_B.txt. Let's search it in torrent!
[17:38:23]  I informed the tracker that I'm still alive in the torrent!
[17:38:25]  You are going to download file_B.txt from Node(s) [1]
[17:38:25]  The file file_B.txt which you are about to download, has size of 197367 bytes
[17:38:25]  I sent a request for a chunk of file_B.txt to node 1
[17:38:43]  I informed the tracker that I'm still alive in the torrent!
[17:39:03]  I informed the tracker that I'm still alive in the torrent!
[17:39:09]  All the chunks of file_B.txt has downloaded from neighboring peers. But they must be reassembled!
[17:39:09]  All the pieces of the file_B.txt is now sorted and ready to be reassembled.
[17:39:09]  file_B.txt has successfully downloaded and saved in my files directory.
[18:08:48]  ***************** Node program started just right now! *****************
[18:08:50]  Successfully entered the torrent.
[18:08:50]  I informed the tracker that I'm still alive in the torrent!
[18:09:08]  I informed the tracker that I'm still alive in the torrent!
[18:09:09]  You just started to download file_A.txt. Let's search it in torrent!
[18:09:11]  You are going to download file_A.txt from Node(s) [1]
[18:09:11]  The file file_A.txt which you are about to download, has size of 508971 bytes
[18:09:11]  Sent request for chunk of file_A.txt to node 1 at ['127.0.0.1', 45907]
[18:09:28]  I informed the tracker that I'm still alive in the torrent!
[18:09:46]  All the chunks of file_A.txt has downloaded from neighboring peers. But they must be reassembled!
[18:09:46]  All the pieces of the file_A.txt is now sorted and ready to be reassembled.
[18:09:46]  file_A.txt has successfully downloaded and saved in my files directory.
[18:09:56]  ***************** Node program started just right now! *****************
[18:09:58]  Successfully entered the torrent.
[18:09:58]  I informed the tracker that I'm still alive in the torrent!
[18:10:16]  I informed the tracker that I'm still alive in the torrent!
[18:10:22]  You just started to download file_B.txt. Let's search it in torrent!
[18:10:24]  You are going to download file_B.txt from Node(s) [1]
[18:10:24]  The file file_B.txt which you are about to download, has size of 197367 bytes
[18:10:24]  Sent request for chunk of file_B.txt to node 1 at ['127.0.0.1', 31873]
[18:10:36]  I informed the tracker that I'm still alive in the torrent!
[18:10:41]  All the chunks of file_B.txt has downloaded from neighboring peers. But they must be reassembled!
[18:10:41]  All the pieces of the file_B.txt is now sorted and ready to be reassembled.
[18:10:41]  file_B.txt has successfully downloaded and saved in my files directory.
[18:12:31]  ***************** Node program started just right now! *****************
[18:12:33]  Successfully entered the torrent.
[18:12:33]  I informed the tracker that I'm still alive in the torrent!
[18:12:51]  ***************** Node program started just right now! *****************
[18:12:53]  Successfully entered the torrent.
[18:12:53]  I informed the tracker that I'm still alive in the torrent!
[18:13:05]  You just started to download file_A.txt. Let's search it in torrent!
[18:13:07]  You are going to download file_A.txt from Node(s) [1]
[18:13:07]  The file file_A.txt which you are about to download, has size of 508971 bytes
[18:13:07]  Sent request for chunk of file_A.txt to node 1 at ['127.0.0.1', 54256]
[18:13:11]  I informed the tracker that I'm still alive in the torrent!
[18:13:31]  I informed the tracker that I'm still alive in the torrent!
[18:13:51]  I informed the tracker that I'm still alive in the torrent!
[18:13:59]  All the chunks of file_A.txt has downloaded from neighboring peers. But they must be reassembled!
[18:13:59]  All the pieces of the file_A.txt is now sorted and ready to be reassembled.
[18:13:59]  file_A.txt has successfully downloaded and saved in my files directory.
[19:29:06]  ***************** Node program started just right now! *****************
[19:29:08]  Successfully entered the torrent.
[19:29:08]  I informed the tracker that I'm still alive in the torrent!
[19:29:22]  You just started to download file_A.txt. Let's search it in torrent!
[19:29:24]  You are going to download file_A.txt from Node(s) [1]
[19:29:24]  The file file_A.txt which you are about to download, has size of 508971 bytes
[19:29:24]  Sent request for chunk of file_A.txt to node 1 at ['127.0.0.1', 12816]
[19:29:24]  Received chunk 0 for file file_A.txt from node 1
[19:29:24]  Received chunk 1 for file file_A.txt from node 1
[19:29:24]  Received chunk 2 for file file_A.txt from node 1
[19:29:24]  Received chunk 3 for file file_A.txt from node 1
[19:29:24]  Received chunk 4 for file file_A.txt from node 1
[19:29:24]  Received chunk 5 for file file_A.txt from node 1
[19:29:24]  Received chunk 6 for file file_A.txt from node 1
[19:29:24]  Received chunk 7 for file file_A.txt from node 1
[19:29:24]  Received chunk 8 for file file_A.txt from node 1
[19:29:24]  Received chunk 9 for file file_A.txt from node 1
[19:29:24]  Received chunk 10 for file file_A.txt from node 1
[19:29:24]  Received chunk 11 for file file_A.txt from node 1
[19:29:24]  Received chunk 12 for file file_A.txt from node 1
[19:29:24]  Received chunk 13 for file file_A.txt from node 1
[19:29:24]  Received chunk 14 for file file_A.txt from node 1
[19:29:24]  Received chunk 15 for file file_A.txt from node 1
[19:29:24]  Received chunk 16 for file file_A.txt from node 1
[19:29:24]  Received chunk 17 for file file_A.txt from node 1
[19:29:24]  Received chunk 18 for file file_A.txt from node 1
[19:29:24]  Received chunk 19 for file file_A.txt from node 1
[19:29:24]  Received chunk 20 for file file_A.txt from node 1
[19:29:24]  Received chunk 21 for file file_A.txt from node 1
[19:29:24]  Received chunk 22 for file file_A.txt from node 1
[19:29:24]  Received chunk 23 for file file_A.txt from node 1
[19:29:24]  Received chunk 24 for file file_A.txt from node 1
[19:29:24]  Received chunk 25 for file file_A.txt from node 1
[19:29:24]  Received chunk 26 for file file_A.txt from node 1
[19:29:24]  Received chunk 27 for file file_A.txt from node 1
[19:29:24]  Received chunk 28 for file file_A.txt from node 1
[19:29:24]  Received chunk 29 for file file_A.txt from node 1
[19:29:24]  Received chunk 30 for file file_A.txt from node 1
[19:29:26]  I informed the tracker that I'm still alive in the torrent!
[19:29:46]  I informed the tracker that I'm still alive in the torrent!
[19:30:06]  I informed the tracker that I'm still alive in the torrent!
[19:30:26]  I informed the tracker that I'm still alive in the torrent!
[19:30:46]  I informed the tracker that I'm still alive in the torrent!
[19:31:06]  I informed the tracker that I'm still alive in the torrent!
[19:31:26]  I informed the tracker that I'm still alive in the torrent!
[19:31:28]  All the chunks of file_A.txt has downloaded from neighboring peers. But they must be reassembled!
[19:31:28]  All the pieces of the file_A.txt is now sorted and ready to be reassembled.
[19:31:28]  file_A.txt has successfully downloaded and saved in my files directory.
[19:33:21]  ***************** Node program started just right now! *****************
[19:33:23]  Successfully entered the torrent.
[19:33:23]  I informed the tracker that I'm still alive in the torrent!
[19:33:38]  You just started to download file_B.txt. Let's search it in torrent!
[19:33:40]  You are going to download file_B.txt from Node(s) [1]
[19:33:40]  The file file_B.txt which you are about to download, has size of 197367 bytes
[19:33:40]  Sent request for chunk of file_B.txt to node 1 at ['127.0.0.1', 24905]
[19:33:40]  All the chunks of file_B.txt has downloaded from neighboring peers. But they must be reassembled!
[19:33:40]  All the pieces of the file_B.txt is now sorted and ready to be reassembled.
[19:33:40]  file_B.txt has successfully downloaded and saved in my files directory.
[19:33:41]  I informed the tracker that I'm still alive in the torrent!
[19:34:01]  I informed the tracker that I'm still alive in the torrent!
[19:34:21]  I informed the tracker that I'm still alive in the torrent!
[19:34:41]  I informed the tracker that I'm still alive in the torrent!
[19:35:01]  I informed the tracker that I'm still alive in the torrent!
[19:35:21]  I informed the tracker that I'm still alive in the torrent!
[19:35:41]  I informed the tracker that I'm still alive in the torrent!
[19:37:54]  ***************** Node program started just right now! *****************
[19:37:56]  Successfully entered the torrent.
[19:37:56]  I informed the tracker that I'm still alive in the torrent!
[19:41:27]  ***************** Node program started just right now! *****************
[19:41:29]  Successfully entered the torrent.
[19:41:29]  I informed the tracker that I'm still alive in the torrent!
[19:41:41]  You just started to download file_A.txt. Let's search it in torrent!
[19:41:43]  You are going to download file_A.txt from Node(s) [1]
[19:41:43]  The file file_A.txt which you are about to download, has size of 508971 bytes
[19:41:43]  Sent request for chunk of file_A.txt to node 1 at ['127.0.0.1', 7735]
[19:41:43]  Finished receiving chunks for file_A.txt from node 1
[19:41:47]  I informed the tracker that I'm still alive in the torrent!
[19:42:07]  I informed the tracker that I'm still alive in the torrent!
[19:42:27]  I informed the tracker that I'm still alive in the torrent!
[19:42:47]  I informed the tracker that I'm still alive in the torrent!
[19:43:07]  I informed the tracker that I'm still alive in the torrent!
[19:43:27]  I informed the tracker that I'm still alive in the torrent!
[19:43:47]  I informed the tracker that I'm still alive in the torrent!
[19:44:07]  I informed the tracker that I'm still alive in the torrent!
[19:44:27]  I informed the tracker that I'm still alive in the torrent!
[19:44:47]  I informed the tracker that I'm still alive in the torrent!
[19:45:07]  I informed the tracker that I'm still alive in the torrent!
[19:45:27]  I informed the tracker that I'm still alive in the torrent!
[19:45:47]  I informed the tracker that I'm still alive in the torrent!
[19:46:07]  I informed the tracker that I'm still alive in the torrent!
[19:46:27]  I informed the tracker that I'm still alive in the torrent!
[19:46:47]  I informed the tracker that I'm still alive in the torrent!
[19:47:07]  I informed the tracker that I'm still alive in the torrent!
[19:47:27]  I informed the tracker that I'm still alive in the torrent!
[19:47:47]  I informed the tracker that I'm still alive in the torrent!
[19:48:07]  I informed the tracker that I'm still alive in the torrent!
[19:48:27]  I informed the tracker that I'm still alive in the torrent!
[19:48:47]  I informed the tracker that I'm still alive in the torrent!
[19:49:07]  I informed the tracker that I'm still alive in the torrent!
[19:49:27]  I informed the tracker that I'm still alive in the torrent!
[19:49:47]  I informed the tracker that I'm still alive in the torrent!
[19:50:07]  I informed the tracker that I'm still alive in the torrent!
[19:50:27]  I informed the tracker that I'm still alive in the torrent!
[19:50:47]  I informed the tracker that I'm still alive in the torrent!
[19:51:07]  I informed the tracker that I'm still alive in the torrent!
[19:51:27]  I informed the tracker that I'm still alive in the torrent!
[19:51:37]  All the chunks of file_A.txt has downloaded from neighboring peers. But they must be reassembled!
[19:51:47]  ***************** Node program started just right now! *****************
[19:51:49]  Successfully entered the torrent.
[19:51:49]  I informed the tracker that I'm still alive in the torrent!
[19:51:59]  You just started to download file_A.txt. Let's search it in torrent!
[19:52:01]  You are going to download file_A.txt from Node(s) [1]
[19:52:01]  The file file_A.txt which you are about to download, has size of 508971 bytes
[19:52:01]  Sent request for chunk of file_A.txt to node 1 at ['127.0.0.1', 5317]
[19:52:01]  Finished receiving chunks for file_A.txt from node 1
[19:52:07]  I informed the tracker that I'm still alive in the torrent!
[19:52:27]  I informed the tracker that I'm still alive in the torrent!
[19:52:47]  I informed the tracker that I'm still alive in the torrent!
[19:52:54]  All the chunks of file_A.txt has downloaded from neighboring peers. But they must be reassembled!
[19:55:33]  ***************** Node program started just right now! *****************
[19:55:35]  Successfully entered the torrent.
[19:55:35]  I informed the tracker that I'm still alive in the torrent!
[19:55:43]  You just started to download file_A.txt. Let's search it in torrent!
[19:55:45]  You are going to download file_A.txt from Node(s) [1]
[19:55:45]  The file file_A.txt which you are about to download, has size of 508971 bytes
[19:55:45]  Sent request for chunk of file_A.txt to node 1 at ['127.0.0.1', 54367]
[19:55:45]  Finished receiving chunks for file_A.txt from node 1
[19:55:53]  I informed the tracker that I'm still alive in the torrent!
[19:56:13]  I informed the tracker that I'm still alive in the torrent!
[19:56:33]  I informed the tracker that I'm still alive in the torrent!
[19:56:53]  I informed the tracker that I'm still alive in the torrent!
[19:57:13]  I informed the tracker that I'm still alive in the torrent!
[19:57:33]  I informed the tracker that I'm still alive in the torrent!
[19:57:57]  ***************** Node program started just right now! *****************
[19:57:59]  Successfully entered the torrent.
[19:57:59]  I informed the tracker that I'm still alive in the torrent!
[19:58:08]  You just started to download file_A.txt. Let's search it in torrent!
[19:58:10]  You are going to download file_A.txt from Node(s) [1]
[19:58:10]  The file file_A.txt which you are about to download, has size of 508971 bytes
[19:58:10]  Sent request for chunk of file_A.txt to node 1 at ['127.0.0.1', 19237]
[19:58:10]  Finished receiving chunks for file_A.txt from node 1
[19:58:17]  I informed the tracker that I'm still alive in the torrent!
[19:58:37]  I informed the tracker that I'm still alive in the torrent!
[19:58:57]  I informed the tracker that I'm still alive in the torrent!
[19:59:17]  I informed the tracker that I'm still alive in the torrent!
[19:59:37]  I informed the tracker that I'm still alive in the torrent!
[19:59:57]  I informed the tracker that I'm still alive in the torrent!
[20:00:17]  I informed the tracker that I'm still alive in the torrent!
[20:00:37]  I informed the tracker that I'm still alive in the torrent!
[20:00:57]  I informed the tracker that I'm still alive in the torrent!
[20:01:17]  I informed the tracker that I'm still alive in the torrent!
[20:01:37]  I informed the tracker that I'm still alive in the torrent!
[20:01:57]  I informed the tracker that I'm still alive in the torrent!
[20:02:10]  All the chunks of file_A.txt has downloaded from neighboring peers. But they must be reassembled!
[20:02:23]  ***************** Node program started just right now! *****************
[20:02:25]  Successfully entered the torrent.
[20:02:25]  I informed the tracker that I'm still alive in the torrent!
[20:02:33]  You just started to download file_A.txt. Let's search it in torrent!
[20:02:35]  You are going to download file_A.txt from Node(s) [1]
[20:02:35]  The file file_A.txt which you are about to download, has size of 508971 bytes
[20:02:35]  Sent request for chunk of file_A.txt to node 1 at ['127.0.0.1', 8505]
[20:02:35]  Finished receiving chunks for file_A.txt from node 1
[20:02:43]  I informed the tracker that I'm still alive in the torrent!
[20:03:03]  I informed the tracker that I'm still alive in the torrent!
[20:03:23]  I informed the tracker that I'm still alive in the torrent!
[20:03:39]  ***************** Node program started just right now! *****************
[20:03:41]  Successfully entered the torrent.
[20:03:41]  I informed the tracker that I'm still alive in the torrent!
[20:03:49]  You just started to download file_A.txt. Let's search it in torrent!
[20:03:51]  You are going to download file_A.txt from Node(s) [1]
[20:03:51]  The file file_A.txt which you are about to download, has size of 508971 bytes
[20:03:51]  Sent request for chunk of file_A.txt to node 1 at ['127.0.0.1', 8638]
[20:03:51]  Finished receiving chunks for file_A.txt from node 1
[20:03:59]  I informed the tracker that I'm still alive in the torrent!
[20:04:19]  I informed the tracker that I'm still alive in the torrent!
[20:04:39]  I informed the tracker that I'm still alive in the torrent!
[20:04:59]  I informed the tracker that I'm still alive in the torrent!
[20:05:19]  I informed the tracker that I'm still alive in the torrent!
[20:05:39]  I informed the tracker that I'm still alive in the torrent!
[20:05:59]  I informed the tracker that I'm still alive in the torrent!
[20:06:19]  I informed the tracker that I'm still alive in the torrent!
[20:06:28]  All the chunks of file_A.txt has downloaded from neighboring peers. But they must be reassembled!
[20:10:27]  ***************** Node program started just right now! *****************
[20:10:29]  Successfully entered the torrent.
[20:10:29]  I informed the tracker that I'm still alive in the torrent!
[20:10:40]  You just started to download file_A.txt. Let's search it in torrent!
[20:10:42]  You are going to download file_A.txt from Node(s) [1]
[20:10:42]  The file file_A.txt which you are about to download, has size of 508971 bytes
[20:10:42]  Sent request for chunk of file_A.txt to node 1 at ['127.0.0.1', 3342]
[20:10:42]  Finished receiving chunks for file_A.txt from node 1
[20:10:47]  I informed the tracker that I'm still alive in the torrent!
[20:11:07]  I informed the tracker that I'm still alive in the torrent!
[20:11:27]  I informed the tracker that I'm still alive in the torrent!
[20:11:47]  I informed the tracker that I'm still alive in the torrent!
[20:12:07]  I informed the tracker that I'm still alive in the torrent!
[20:12:27]  I informed the tracker that I'm still alive in the torrent!
[20:12:47]  I informed the tracker that I'm still alive in the torrent!
[20:12:59]  All the chunks of file_A.txt has downloaded from neighboring peers. But they must be reassembled!
[20:13:07]  ***************** Node program started just right now! *****************
[20:13:09]  Successfully entered the torrent.
[20:13:09]  I informed the tracker that I'm still alive in the torrent!
[20:13:16]  You just started to download file_A.txt. Let's search it in torrent!
[20:13:18]  You are going to download file_A.txt from Node(s) [1]
[20:13:18]  The file file_A.txt which you are about to download, has size of 508971 bytes
[20:13:18]  Sent request for chunk of file_A.txt to node 1 at ['127.0.0.1', 8716]
[20:13:18]  Finished receiving chunks for file_A.txt from node 1
[20:13:27]  I informed the tracker that I'm still alive in the torrent!
[20:13:47]  I informed the tracker that I'm still alive in the torrent!
[20:14:03]  All the chunks of file_A.txt has downloaded from neighboring peers. But they must be reassembled!
[20:14:03]  All the pieces of the file_A.txt is now sorted and ready to be reassembled.
[20:16:28]  ***************** Node program started just right now! *****************
[20:16:30]  Successfully entered the torrent.
[20:16:30]  I informed the tracker that I'm still alive in the torrent!
[20:16:48]  You just started to download file_A.txt. Let's search it in torrent!
[20:16:48]  I informed the tracker that I'm still alive in the torrent!
[20:16:50]  You are going to download file_A.txt from Node(s) [1]
[20:16:50]  The file file_A.txt which you are about to download, has size of 508971 bytes
[20:16:50]  Sent request for chunk of file_A.txt to node 1 at ['127.0.0.1', 21699]
[20:16:50]  Finished receiving chunks for file_A.txt from node 1
[20:17:08]  I informed the tracker that I'm still alive in the torrent!
[20:17:28]  I informed the tracker that I'm still alive in the torrent!
[20:18:56]  ***************** Node program started just right now! *****************
[20:18:58]  Successfully entered the torrent.
[20:18:58]  I informed the tracker that I'm still alive in the torrent!
[20:19:07]  You just started to download file_A.txt. Let's search it in torrent!
[20:19:09]  You are going to download file_A.txt from Node(s) [1]
[20:19:09]  The file file_A.txt which you are about to download, has size of 508971 bytes
[20:19:09]  Sent request for chunk of file_A.txt to node 1 at ['127.0.0.1', 34869]
[20:19:09]  Finished receiving chunks for file_A.txt from node 1
[20:19:16]  I informed the tracker that I'm still alive in the torrent!
[20:19:36]  I informed the tracker that I'm still alive in the torrent!
[20:19:56]  I informed the tracker that I'm still alive in the torrent!
[20:20:16]  I informed the tracker that I'm still alive in the torrent!
[20:20:36]  I informed the tracker that I'm still alive in the torrent!
[20:20:56]  I informed the tracker that I'm still alive in the torrent!
[20:21:16]  I informed the tracker that I'm still alive in the torrent!
[20:21:36]  I informed the tracker that I'm still alive in the torrent!
[20:21:56]  I informed the tracker that I'm still alive in the torrent!
[20:22:16]  I informed the tracker that I'm still alive in the torrent!
[20:22:36]  I informed the tracker that I'm still alive in the torrent!
[20:22:56]  I informed the tracker that I'm still alive in the torrent!
[20:23:16]  I informed the tracker that I'm still alive in the torrent!
[20:23:36]  I informed the tracker that I'm still alive in the torrent!
[20:23:56]  I informed the tracker that I'm still alive in the torrent!
[20:24:16]  I informed the tracker that I'm still alive in the torrent!
[20:24:36]  I informed the tracker that I'm still alive in the torrent!
[20:24:56]  I informed the tracker that I'm still alive in the torrent!
[20:25:09]  All the chunks of file_A.txt has downloaded from neighboring peers. But they must be reassembled!
[20:25:09]  All the pieces of the file_A.txt is now sorted and ready to be reassembled.
[20:25:16]  I informed the tracker that I'm still alive in the torrent!
[20:25:52]  ***************** Node program started just right now! *****************
[20:25:54]  Successfully entered the torrent.
[20:25:54]  I informed the tracker that I'm still alive in the torrent!
[20:26:12]  I informed the tracker that I'm still alive in the torrent!
[20:26:30]  You just started to download file_B.txt. Let's search it in torrent!
[20:26:32]  You are going to download file_B.txt from Node(s) [1]
[20:26:32]  The file file_B.txt which you are about to download, has size of 197367 bytes
[20:26:32]  Sent request for chunk of file_B.txt to node 1 at ['127.0.0.1', 34695]
[20:26:32]  I informed the tracker that I'm still alive in the torrent!
[20:26:34]  Finished receiving chunks for file_B.txt from node 1
[20:26:52]  I informed the tracker that I'm still alive in the torrent!
[20:27:12]  I informed the tracker that I'm still alive in the torrent!
[20:27:32]  I informed the tracker that I'm still alive in the torrent!
[20:27:33]  All the chunks of file_B.txt has downloaded from neighboring peers. But they must be reassembled!
[20:27:33]  All the pieces of the file_B.txt is now sorted and ready to be reassembled.
[20:30:34]  ***************** Node program started just right now! *****************
[20:30:36]  Successfully entered the torrent.
[20:30:36]  I informed the tracker that I'm still alive in the torrent!
[20:30:53]  You just started to download file_A.txt. Let's search it in torrent!
[20:30:54]  I informed the tracker that I'm still alive in the torrent!
[20:30:56]  You are going to download file_A.txt from Node(s) [1]
[20:30:56]  The file file_A.txt which you are about to download, has size of 508971 bytes
[20:30:56]  Sent request for chunk of file_A.txt to node 1 at ['127.0.0.1', 33329]
[20:30:56]  Finished receiving chunks for file_A.txt from node 1
[20:31:14]  I informed the tracker that I'm still alive in the torrent!
[20:31:34]  I informed the tracker that I'm still alive in the torrent!
[20:31:54]  I informed the tracker that I'm still alive in the torrent!
[20:32:14]  I informed the tracker that I'm still alive in the torrent!
[20:32:34]  I informed the tracker that I'm still alive in the torrent!
[20:32:36]  All the chunks of file_A.txt has downloaded from neighboring peers. But they must be reassembled!
[20:32:36]  All the pieces of the file_A.txt is now sorted and ready to be reassembled.
[20:35:29]  ***************** Node program started just right now! *****************
[20:35:31]  Successfully entered the torrent.
[20:35:31]  I informed the tracker that I'm still alive in the torrent!
[20:35:41]  You just started to download file_A.txt. Let's search it in torrent!
[20:35:43]  You are going to download file_A.txt from Node(s) [1]
[20:35:43]  The file file_A.txt which you are about to download, has size of 508971 bytes
[20:35:43]  Sent request for chunk of file_A.txt to node 1 at ['127.0.0.1', 61575]
[20:35:44]  Finished receiving chunks for file_A.txt from node 1
[20:35:49]  I informed the tracker that I'm still alive in the torrent!
[20:36:09]  I informed the tracker that I'm still alive in the torrent!
[20:36:29]  I informed the tracker that I'm still alive in the torrent!
[20:36:49]  I informed the tracker that I'm still alive in the torrent!
[20:37:09]  I informed the tracker that I'm still alive in the torrent!
[20:37:29]  I informed the tracker that I'm still alive in the torrent!
[20:37:49]  I informed the tracker that I'm still alive in the torrent!
[20:38:09]  I informed the tracker that I'm still alive in the torrent!
[20:38:29]  I informed the tracker that I'm still alive in the torrent!
[20:38:49]  I informed the tracker that I'm still alive in the torrent!
[20:39:09]  I informed the tracker that I'm still alive in the torrent!
[20:39:29]  I informed the tracker that I'm still alive in the torrent!
[20:39:49]  I informed the tracker that I'm still alive in the torrent!
[20:40:09]  I informed the tracker that I'm still alive in the torrent!
[20:40:29]  I informed the tracker that I'm still alive in the torrent!
[20:40:49]  I informed the tracker that I'm still alive in the torrent!
[20:41:09]  I informed the tracker that I'm still alive in the torrent!
[20:41:29]  I informed the tracker that I'm still alive in the torrent!
[20:41:49]  I informed the tracker that I'm still alive in the torrent!
[20:42:09]  I informed the tracker that I'm still alive in the torrent!
[20:42:15]  All the chunks of file_A.txt has downloaded from neighboring peers. But they must be reassembled!
[20:42:15]  All the pieces of the file_A.txt is now sorted and ready to be reassembled.
[20:45:29]  ***************** Node program started just right now! *****************
[20:45:31]  Successfully entered the torrent.
[20:45:31]  I informed the tracker that I'm still alive in the torrent!
[20:45:47]  ***************** Node program started just right now! *****************
[20:45:49]  Successfully entered the torrent.
[20:45:49]  I informed the tracker that I'm still alive in the torrent!
[20:46:01]  ***************** Node program started just right now! *****************
[20:46:03]  Successfully entered the torrent.
[20:46:03]  I informed the tracker that I'm still alive in the torrent!
[20:46:20]  You just started to download file_A.txt. Let's search it in torrent!
[20:46:21]  I informed the tracker that I'm still alive in the torrent!
[20:46:22]  You are going to download file_A.txt from Node(s) [1]
[20:46:22]  The file file_A.txt which you are about to download, has size of 508971 bytes
[20:46:22]  Sent request for chunk of file_A.txt to node 1 at ['127.0.0.1', 41815]
[20:46:22]  Finished receiving chunks for file_A.txt from node 1
[20:46:41]  I informed the tracker that I'm still alive in the torrent!
[20:46:44]  All the chunks of file_A.txt has downloaded from neighboring peers. But they must be reassembled!
[20:46:44]  All the pieces of the file_A.txt is now sorted and ready to be reassembled.
[20:53:01]  ***************** Node program started just right now! *****************
[20:53:03]  Successfully entered the torrent.
[20:53:03]  I informed the tracker that I'm still alive in the torrent!
[20:53:14]  You just started to download file_A.txt. Let's search it in torrent!
[20:53:16]  You are going to download file_A.txt from Node(s) [1]
[20:53:16]  The file file_A.txt which you are about to download, has size of 508971 bytes
[20:53:16]  Sent request for chunk of file_A.txt to node 1 at ['127.0.0.1', 43374]
[20:53:16]  Finished receiving chunks for file_A.txt from node 1
[20:53:21]  I informed the tracker that I'm still alive in the torrent!
[20:53:41]  I informed the tracker that I'm still alive in the torrent!
[20:54:01]  I informed the tracker that I'm still alive in the torrent!
[20:54:21]  I informed the tracker that I'm still alive in the torrent!
[20:54:41]  I informed the tracker that I'm still alive in the torrent!
[20:55:01]  I informed the tracker that I'm still alive in the torrent!
[20:55:21]  I informed the tracker that I'm still alive in the torrent!
[20:55:41]  I informed the tracker that I'm still alive in the torrent!
[20:56:01]  I informed the tracker that I'm still alive in the torrent!
[20:56:21]  I informed the tracker that I'm still alive in the torrent!
[20:56:41]  I informed the tracker that I'm still alive in the torrent!
[20:57:01]  I informed the tracker that I'm still alive in the torrent!
[20:57:21]  I informed the tracker that I'm still alive in the torrent!
[20:57:41]  I informed the tracker that I'm still alive in the torrent!
[20:58:01]  I informed the tracker that I'm still alive in the torrent!
[20:58:07]  All the chunks of file_A.txt has downloaded from neighboring peers. But they must be reassembled!
[20:58:07]  All the pieces of the file_A.txt is now sorted and ready to be reassembled.
[20:58:07]  file_A.txt has successfully downloaded and saved in my files directory.
[20:58:21]  I informed the tracker that I'm still alive in the torrent!
[21:01:42]  ***************** Node program started just right now! *****************
[21:01:44]  Successfully entered the torrent.
[21:01:44]  I informed the tracker that I'm still alive in the torrent!
[21:02:02]  I informed the tracker that I'm still alive in the torrent!
[21:02:17]  You just started to download file_B.txt. Let's search it in torrent!
[21:02:19]  You are going to download file_B.txt from Node(s) [1]
[21:02:19]  The file file_B.txt which you are about to download, has size of 197367 bytes
[21:02:19]  Sent request for chunk of file_B.txt to node 1 at ['127.0.0.1', 10093]
[21:02:19]  Finished receiving chunks for file_B.txt from node 1
[21:02:22]  I informed the tracker that I'm still alive in the torrent!
[21:02:42]  I informed the tracker that I'm still alive in the torrent!
[21:02:58]  All the chunks of file_B.txt has downloaded from neighboring peers. But they must be reassembled!
[21:02:58]  All the pieces of the file_B.txt is now sorted and ready to be reassembled.
[21:02:58]  file_B.txt has successfully downloaded and saved in my files directory.
[21:10:30]  ***************** Node program started just right now! *****************
[21:10:32]  Successfully entered the torrent.
[21:10:32]  I informed the tracker that I'm still alive in the torrent!
[21:10:45]  You just started to download file_A.txt. Let's search it in torrent!
[21:10:47]  You are going to download file_A.txt from Node(s) [1]
[21:10:47]  The file file_A.txt which you are about to download, has size of 508971 bytes
[21:10:47]  Sent request for chunk of file_A.txt to node 1 at ['127.0.0.1', 44536]
[21:10:47]  Finished receiving chunks for file_A.txt from node 1
[21:10:50]  I informed the tracker that I'm still alive in the torrent!
[21:10:58]  All the chunks of file_A.txt has downloaded from neighboring peers. But they must be reassembled!
[21:10:58]  All the pieces of the file_A.txt is now sorted and ready to be reassembled.
[21:10:58]  file_A.txt has successfully downloaded and saved in my files directory.
[21:13:48]  ***************** Node program started just right now! *****************
[21:13:50]  Successfully entered the torrent.
[21:13:50]  I informed the tracker that I'm still alive in the torrent!
[21:14:07]  You just started to download file_B.txt. Let's search it in torrent!
[21:14:08]  I informed the tracker that I'm still alive in the torrent!
[21:14:09]  You are going to download file_B.txt from Node(s) [1]
[21:14:09]  The file file_B.txt which you are about to download, has size of 197367 bytes
[21:14:09]  Sent request for chunk of file_B.txt to node 1 at ['127.0.0.1', 1364]
[21:14:09]  Finished receiving chunks for file_B.txt from node 1
[21:14:10]  All the chunks of file_B.txt has downloaded from neighboring peers. But they must be reassembled!
[21:14:10]  All the pieces of the file_B.txt is now sorted and ready to be reassembled.
[21:14:10]  file_B.txt has successfully downloaded and saved in my files directory.
[21:14:28]  I informed the tracker that I'm still alive in the torrent!
[21:14:48]  I informed the tracker that I'm still alive in the torrent!
[21:15:08]  I informed the tracker that I'm still alive in the torrent!
[21:15:28]  I informed the tracker that I'm still alive in the torrent!
[21:15:48]  I informed the tracker that I'm still alive in the torrent!
[21:16:08]  I informed the tracker that I'm still alive in the torrent!
[21:16:28]  I informed the tracker that I'm still alive in the torrent!
[21:16:48]  I informed the tracker that I'm still alive in the torrent!
[21:17:08]  I informed the tracker that I'm still alive in the torrent!
[21:17:28]  I informed the tracker that I'm still alive in the torrent!
[21:17:48]  I informed the tracker that I'm still alive in the torrent!
[21:18:08]  I informed the tracker that I'm still alive in the torrent!
[21:18:28]  I informed the tracker that I'm still alive in the torrent!
[21:18:48]  I informed the tracker that I'm still alive in the torrent!
[21:19:08]  I informed the tracker that I'm still alive in the torrent!
[21:19:28]  I informed the tracker that I'm still alive in the torrent!
[21:19:48]  I informed the tracker that I'm still alive in the torrent!
[21:20:08]  I informed the tracker that I'm still alive in the torrent!
[21:20:28]  I informed the tracker that I'm still alive in the torrent!
[21:20:48]  I informed the tracker that I'm still alive in the torrent!
[21:21:14]  ***************** Node program started just right now! *****************
[21:21:16]  Successfully entered the torrent.
[21:21:16]  I informed the tracker that I'm still alive in the torrent!
[21:21:31]  You just started to download file_A.txt. Let's search it in torrent!
[21:21:33]  You are going to download file_A.txt from Node(s) [1]
[21:21:33]  The file file_A.txt which you are about to download, has size of 508971 bytes
[21:21:33]  Sent request for chunk of file_A.txt to node 1 at ['127.0.0.1', 51720]
[21:21:33]  Finished receiving chunks for file_A.txt from node 1
[21:21:33]  All the chunks of file_A.txt has downloaded from neighboring peers. But they must be reassembled!
[21:21:33]  All the pieces of the file_A.txt is now sorted and ready to be reassembled.
[21:21:33]  file_A.txt has successfully downloaded and saved in my files directory.
[21:21:34]  I informed the tracker that I'm still alive in the torrent!
[21:21:54]  I informed the tracker that I'm still alive in the torrent!
[21:22:14]  I informed the tracker that I'm still alive in the torrent!
[21:22:34]  I informed the tracker that I'm still alive in the torrent!
[21:22:54]  I informed the tracker that I'm still alive in the torrent!
[21:23:14]  I informed the tracker that I'm still alive in the torrent!
[21:23:34]  I informed the tracker that I'm still alive in the torrent!
[21:23:54]  I informed the tracker that I'm still alive in the torrent!
[21:24:14]  I informed the tracker that I'm still alive in the torrent!
[21:24:30]  ***************** Node program started just right now! *****************
[21:24:32]  Successfully entered the torrent.
[21:24:32]  I informed the tracker that I'm still alive in the torrent!
[21:24:49]  You just started to download file_B.txt. Let's search it in torrent!
[21:24:50]  I informed the tracker that I'm still alive in the torrent!
[21:24:51]  You are going to download file_B.txt from Node(s) [1]
[21:24:51]  The file file_B.txt which you are about to download, has size of 197367 bytes
[21:24:51]  Sent request for chunk of file_B.txt to node 1 at ['127.0.0.1', 34610]
[21:24:51]  Finished receiving chunks for file_B.txt from node 1
[21:24:51]  All the chunks of file_B.txt has downloaded from neighboring peers. But they must be reassembled!
[21:24:51]  All the pieces of the file_B.txt is now sorted and ready to be reassembled.
[21:24:51]  file_B.txt has successfully downloaded and saved in my files directory.
[21:27:08]  ***************** Node program started just right now! *****************
[21:27:10]  Successfully entered the torrent.
[21:27:10]  I informed the tracker that I'm still alive in the torrent!
[21:27:43]  ***************** Node program started just right now! *****************
[21:27:45]  Successfully entered the torrent.
[21:27:45]  I informed the tracker that I'm still alive in the torrent!
[21:27:52]  You just started to download file_A.txt. Let's search it in torrent!
[21:27:54]  You are going to download file_A.txt from Node(s) [1]
[21:27:54]  The file file_A.txt which you are about to download, has size of 508971 bytes
[21:27:54]  Connected to node 1 at ['127.0.0.1', 19087]
[21:27:54]  Sent request for chunk of file_A.txt to node 1 at ['127.0.0.1', 19087]
[21:27:54]  Finished receiving chunks for file_A.txt from node 1
[21:27:54]  All the chunks of file_A.txt has downloaded from neighboring peers. But they must be reassembled!
[21:27:54]  All the pieces of the file_A.txt is now sorted and ready to be reassembled.
[21:27:54]  file_A.txt has successfully downloaded and saved in my files directory.
[11:57:21]  ***************** Node program started just right now! *****************
[11:59:21]  ***************** Node program started just right now! *****************
[16:16:07]  ***************** Node program started just right now! *****************
[16:50:14]  ***************** Node program started just right now! *****************
