[17:28:31]  ***************** Node program started just right now! *****************
[17:28:33]  Failed to enter the torrent.
[17:28:33]  I informed the tracker that I'm still alive in the torrent!
[17:28:51]  I informed the tracker that I'm still alive in the torrent!
[17:29:11]  I informed the tracker that I'm still alive in the torrent!
[17:29:31]  I informed the tracker that I'm still alive in the torrent!
[17:29:51]  I informed the tracker that I'm still alive in the torrent!
[17:30:11]  I informed the tracker that I'm still alive in the torrent!
[17:30:31]  I informed the tracker that I'm still alive in the torrent!
[21:30:34]  ***************** Node program started just right now! *****************
[21:30:36]  Successfully entered the torrent.
[21:30:36]  I informed the tracker that I'm still alive in the torrent!
[21:30:54]  I informed the tracker that I'm still alive in the torrent!
[21:31:14]  I informed the tracker that I'm still alive in the torrent!
[21:31:34]  I informed the tracker that I'm still alive in the torrent!
[21:31:54]  I informed the tracker that I'm still alive in the torrent!
[21:32:14]  I informed the tracker that I'm still alive in the torrent!
[21:32:34]  I informed the tracker that I'm still alive in the torrent!
[21:32:54]  I informed the tracker that I'm still alive in the torrent!
[21:33:14]  I informed the tracker that I'm still alive in the torrent!
[21:33:34]  I informed the tracker that I'm still alive in the torrent!
[21:33:54]  I informed the tracker that I'm still alive in the torrent!
[21:34:14]  I informed the tracker that I'm still alive in the torrent!
[21:34:34]  I informed the tracker that I'm still alive in the torrent!
[21:34:54]  I informed the tracker that I'm still alive in the torrent!
[21:35:14]  I informed the tracker that I'm still alive in the torrent!
[21:35:34]  I informed the tracker that I'm still alive in the torrent!
[21:35:54]  I informed the tracker that I'm still alive in the torrent!
[21:36:14]  I informed the tracker that I'm still alive in the torrent!
[21:36:34]  I informed the tracker that I'm still alive in the torrent!
[21:36:54]  I informed the tracker that I'm still alive in the torrent!
[21:37:14]  I informed the tracker that I'm still alive in the torrent!
[21:37:34]  I informed the tracker that I'm still alive in the torrent!
[21:37:54]  I informed the tracker that I'm still alive in the torrent!
[21:38:14]  I informed the tracker that I'm still alive in the torrent!
[21:38:34]  I informed the tracker that I'm still alive in the torrent!
[21:38:54]  I informed the tracker that I'm still alive in the torrent!
[21:39:14]  I informed the tracker that I'm still alive in the torrent!
[21:39:34]  I informed the tracker that I'm still alive in the torrent!
[21:39:54]  I informed the tracker that I'm still alive in the torrent!
[21:40:14]  I informed the tracker that I'm still alive in the torrent!
[21:40:34]  I informed the tracker that I'm still alive in the torrent!
[21:40:54]  I informed the tracker that I'm still alive in the torrent!
[21:41:14]  I informed the tracker that I'm still alive in the torrent!
[21:41:34]  I informed the tracker that I'm still alive in the torrent!
[21:41:54]  I informed the tracker that I'm still alive in the torrent!
[19:58:09]  ***************** Node program started just right now! *****************
[19:58:11]  Successfully entered the torrent.
[19:58:11]  I informed the tracker that I'm still alive in the torrent!
[19:58:29]  I informed the tracker that I'm still alive in the torrent!
[19:58:49]  I informed the tracker that I'm still alive in the torrent!
[19:59:01]  Successfully entered the torrent.
[19:59:09]  I informed the tracker that I'm still alive in the torrent!
[19:59:29]  I informed the tracker that I'm still alive in the torrent!
[19:59:49]  I informed the tracker that I'm still alive in the torrent!
[20:00:09]  I informed the tracker that I'm still alive in the torrent!
[20:00:29]  I informed the tracker that I'm still alive in the torrent!
[20:00:49]  I informed the tracker that I'm still alive in the torrent!
[20:01:09]  I informed the tracker that I'm still alive in the torrent!
[20:01:29]  I informed the tracker that I'm still alive in the torrent!
[20:01:49]  I informed the tracker that I'm still alive in the torrent!
[20:02:09]  I informed the tracker that I'm still alive in the torrent!
[20:02:29]  I informed the tracker that I'm still alive in the torrent!
[20:02:49]  I informed the tracker that I'm still alive in the torrent!
[20:03:09]  I informed the tracker that I'm still alive in the torrent!
[20:03:29]  I informed the tracker that I'm still alive in the torrent!
[20:03:49]  I informed the tracker that I'm still alive in the torrent!
[20:04:09]  I informed the tracker that I'm still alive in the torrent!
[20:04:29]  I informed the tracker that I'm still alive in the torrent!
[20:04:49]  I informed the tracker that I'm still alive in the torrent!
[20:05:09]  I informed the tracker that I'm still alive in the torrent!
[20:05:29]  I informed the tracker that I'm still alive in the torrent!
[20:05:49]  I informed the tracker that I'm still alive in the torrent!
[20:06:09]  I informed the tracker that I'm still alive in the torrent!
[20:06:29]  I informed the tracker that I'm still alive in the torrent!
[20:06:49]  I informed the tracker that I'm still alive in the torrent!
[20:07:09]  I informed the tracker that I'm still alive in the torrent!
[20:07:29]  I informed the tracker that I'm still alive in the torrent!
[20:07:49]  I informed the tracker that I'm still alive in the torrent!
[20:08:09]  I informed the tracker that I'm still alive in the torrent!
[20:08:29]  I informed the tracker that I'm still alive in the torrent!
[20:08:49]  I informed the tracker that I'm still alive in the torrent!
[20:09:09]  I informed the tracker that I'm still alive in the torrent!
[20:09:29]  I informed the tracker that I'm still alive in the torrent!
[20:09:49]  I informed the tracker that I'm still alive in the torrent!
[20:10:09]  I informed the tracker that I'm still alive in the torrent!
[20:10:29]  I informed the tracker that I'm still alive in the torrent!
[20:10:49]  I informed the tracker that I'm still alive in the torrent!
[20:11:09]  I informed the tracker that I'm still alive in the torrent!
[20:11:29]  I informed the tracker that I'm still alive in the torrent!
[20:11:49]  I informed the tracker that I'm still alive in the torrent!
[20:12:09]  I informed the tracker that I'm still alive in the torrent!
[20:12:29]  I informed the tracker that I'm still alive in the torrent!
[20:12:49]  I informed the tracker that I'm still alive in the torrent!
[20:13:09]  I informed the tracker that I'm still alive in the torrent!
[20:13:29]  I informed the tracker that I'm still alive in the torrent!
[20:13:49]  I informed the tracker that I'm still alive in the torrent!
[20:14:09]  I informed the tracker that I'm still alive in the torrent!
[20:14:29]  I informed the tracker that I'm still alive in the torrent!
[20:14:49]  I informed the tracker that I'm still alive in the torrent!
[20:15:09]  I informed the tracker that I'm still alive in the torrent!
[20:15:29]  I informed the tracker that I'm still alive in the torrent!
[20:15:49]  I informed the tracker that I'm still alive in the torrent!
[20:16:09]  I informed the tracker that I'm still alive in the torrent!
[20:16:29]  I informed the tracker that I'm still alive in the torrent!
[20:16:49]  I informed the tracker that I'm still alive in the torrent!
[20:17:09]  I informed the tracker that I'm still alive in the torrent!
[20:17:29]  I informed the tracker that I'm still alive in the torrent!
[20:17:49]  I informed the tracker that I'm still alive in the torrent!
[20:18:09]  I informed the tracker that I'm still alive in the torrent!
[20:18:29]  I informed the tracker that I'm still alive in the torrent!
[20:18:49]  I informed the tracker that I'm still alive in the torrent!
[20:19:09]  I informed the tracker that I'm still alive in the torrent!
[20:19:29]  I informed the tracker that I'm still alive in the torrent!
[20:19:49]  I informed the tracker that I'm still alive in the torrent!
[20:20:09]  I informed the tracker that I'm still alive in the torrent!
[20:20:29]  I informed the tracker that I'm still alive in the torrent!
[20:20:49]  I informed the tracker that I'm still alive in the torrent!
[20:21:09]  I informed the tracker that I'm still alive in the torrent!
[20:21:29]  I informed the tracker that I'm still alive in the torrent!
[20:21:49]  I informed the tracker that I'm still alive in the torrent!
[20:22:09]  I informed the tracker that I'm still alive in the torrent!
[20:22:29]  I informed the tracker that I'm still alive in the torrent!
[20:22:49]  I informed the tracker that I'm still alive in the torrent!
[20:23:09]  I informed the tracker that I'm still alive in the torrent!
[20:23:29]  I informed the tracker that I'm still alive in the torrent!
[20:23:49]  I informed the tracker that I'm still alive in the torrent!
[20:24:09]  I informed the tracker that I'm still alive in the torrent!
[20:24:29]  I informed the tracker that I'm still alive in the torrent!
[20:24:49]  I informed the tracker that I'm still alive in the torrent!
[20:25:09]  I informed the tracker that I'm still alive in the torrent!
[20:25:29]  I informed the tracker that I'm still alive in the torrent!
[20:25:49]  I informed the tracker that I'm still alive in the torrent!
[20:26:09]  I informed the tracker that I'm still alive in the torrent!
[20:26:29]  I informed the tracker that I'm still alive in the torrent!
[20:26:49]  I informed the tracker that I'm still alive in the torrent!
[20:27:09]  I informed the tracker that I'm still alive in the torrent!
[21:41:56]  ***************** Node program started just right now! *****************
[22:34:44]  ***************** Node program started just right now! *****************
[00:57:10]  Error while searching torrent: Object of type Entry is not JSON serializable
[00:57:27]  ***************** Node program started just right now! *****************
[00:57:29]  Successfully entered the torrent.
[00:57:39]  Error while searching torrent: Object of type Frame is not JSON serializable
[00:57:42]  ***************** Node program started just right now! *****************
[00:57:44]  Successfully entered the torrent.
[01:01:20]  You just started to download file_A.txt. Let's search it in torrent!
[01:01:22]  You are going to download file_A.txt from Node(s) [1]
[01:01:22]  The file file_A.txt which you are about to download, has size of 508971 bytes
[01:01:22]  Connected to node 1 at ['127.0.0.1', 8724]
[01:01:22]  Sent request for chunk of file_A.txt to node 1 at ['127.0.0.1', 8724]
[01:01:22]  Finished receiving chunks for file_A.txt from node 1
[01:01:22]  All the chunks of file_A.txt has downloaded from neighboring peers. But they must be reassembled!
[01:01:22]  All the pieces of the file_A.txt is now sorted and ready to be reassembled.
[01:01:22]  file_A.txt has successfully downloaded and saved in my files directory.
[01:01:32]  ***************** Node program started just right now! *****************
[01:10:02]  You are going to download file_B.txt from Node(s) [1]
[01:10:02]  The file file_B.txt which you are about to download, has size of 197367 bytes
[09:30:03]  You are going to download file_B.txt from Node(s) [1]
[09:30:03]  The file file_B.txt which you are about to download, has size of 197367 bytes
[09:31:09]  You are going to download file_B.txt from Node(s) [1]
[09:32:51]  You don't have file_B.txt
[09:33:11]  You just started to download file_B.txt. Let's search it in torrent!
[09:33:14]  You are going to download file_B.txt from Node(s) [1, 1]
[09:33:16]  The file file_B.txt which you are about to download, has size of -1 bytes
[09:33:16]  Connected to node 1 at ['127.0.0.1', 57835]
[09:33:16]  Sent request for chunk of file_B.txt to node 1 at ['127.0.0.1', 57835]
[09:33:16]  Finished receiving chunks for file_B.txt from node 1
[09:33:18]  Socket to node 1 closed successfully
[09:33:18]  All the chunks of file_B.txt has downloaded from neighboring peers. But they must be reassembled!
[09:33:18]  All the pieces of the file_B.txt is now sorted and ready to be reassembled.
[09:33:18]  file_B.txt has successfully downloaded and saved in my files directory.
[09:41:14]  ***************** Node program started just right now! *****************
[09:41:16]  Successfully entered the torrent.
[09:45:01]  You just started to download . Let's search it in torrent!
[09:45:03]  No one has 
[09:45:10]  You just started to download file_A.txt. Let's search it in torrent!
[09:45:12]  You are going to download file_A.txt from Node(s) [1]
[09:45:14]  The file file_A.txt which you are about to download, has size of -1 bytes
[10:01:49]  You just started to download . Let's search it in torrent!
[10:01:51]  No one has 
[10:01:55]  You just started to download file_A.txt. Let's search it in torrent!
[10:01:57]  You are going to download file_A.txt from Node(s) [1]
[10:01:57]  The file file_A.txt which you are about to download, has size of 508971 bytes
[10:01:57]  Connected to node 1 at ['127.0.0.1', 12460]
[10:01:57]  Sent request for chunk of file_A.txt to node 1 at ['127.0.0.1', 12460]
[10:01:57]  Finished receiving chunks for file_A.txt from node 1
[10:01:57]  All the chunks of file_A.txt has downloaded from neighboring peers. But they must be reassembled!
[10:01:57]  All the pieces of the file_A.txt is now sorted and ready to be reassembled.
[10:01:57]  file_A.txt has successfully downloaded and saved in my files directory.
[10:04:35]  ***************** Node program started just right now! *****************
[10:04:37]  Successfully entered the torrent.
[10:06:39]  Announced ownership of file_A.txt to tracker.
[10:06:39]  Waiting for requests...
[10:06:41]  You don't have file_B.txt
[10:14:31]  ***************** Node program started just right now! *****************
[10:14:33]  Successfully entered the torrent.
[10:33:30]  You just started to download file_B.txt. Let's search it in torrent!
[10:33:32]  You are going to download file_B.txt from Node(s) [1]
[10:33:32]  The file file_B.txt which you are about to download, has size of 197367 bytes
[10:33:32]  Connected to node 1 at ['127.0.0.1', 42789]
[10:33:32]  Sent request for chunk of file_B.txt to node 1 at ['127.0.0.1', 42789]
[10:33:32]  Finished receiving chunks for file_B.txt from node 1
[10:33:32]  All the chunks of file_B.txt has downloaded from neighboring peers. But they must be reassembled!
[10:33:32]  All the pieces of the file_B.txt is now sorted and ready to be reassembled.
[10:33:32]  file_B.txt has successfully downloaded and saved in my files directory.
[11:31:34]  ***************** Node program started just right now! *****************
[11:39:42]  You just started to download file_A.txt. Let's search it in torrent!
[11:39:44]  You are going to download file_A.txt from Node(s) [1]
[11:39:44]  The file file_A.txt which you are about to download, has size of 508971 bytes
[11:39:44]  Connected to node 1 at ['127.0.0.1', 46774]
[11:39:44]  Sent request for chunk of file_A.txt to node 1 at ['127.0.0.1', 46774]
[11:39:44]  Finished receiving chunks for file_A.txt from node 1
[11:39:44]  All the chunks of file_A.txt has downloaded from neighboring peers. But they must be reassembled!
[11:39:44]  All the pieces of the file_A.txt is now sorted and ready to be reassembled.
[11:39:44]  file_A.txt has successfully downloaded and saved in my files directory.
[11:41:28]  ***************** Node program started just right now! *****************
[11:41:30]  Successfully entered the torrent.
[11:53:58]  ***************** Node program started just right now! *****************
[11:57:25]  ***************** Node program started just right now! *****************
[11:59:20]  ***************** Node program started just right now! *****************
[16:47:36]  ***************** Node program started just right now! *****************
[16:52:59]  ***************** Node program started just right now! *****************
[19:20:52]  ***************** Node program started just right now! *****************
