[17:25:42]  ***************** Node program started just right now! *****************
[17:25:44]  Failed to enter the torrent.
[17:25:44]  I informed the tracker that I'm still alive in the torrent!
[17:26:02]  I informed the tracker that I'm still alive in the torrent!
[17:26:12]  ***************** Node program started just right now! *****************
[17:26:14]  Failed to enter the torrent.
[17:26:14]  I informed the tracker that I'm still alive in the torrent!
[17:26:22]  I informed the tracker that I'm still alive in the torrent!
[22:14:39]  ***************** Node program started just right now! *****************
[22:14:41]  Successfully entered the torrent.
[22:14:41]  I informed the tracker that I'm still alive in the torrent!
[22:14:59]  I informed the tracker that I'm still alive in the torrent!
[22:15:19]  I informed the tracker that I'm still alive in the torrent!
[22:15:39]  I informed the tracker that I'm still alive in the torrent!
[22:15:59]  I informed the tracker that I'm still alive in the torrent!
[22:16:19]  I informed the tracker that I'm still alive in the torrent!
[22:16:39]  I informed the tracker that I'm still alive in the torrent!
[22:16:59]  I informed the tracker that I'm still alive in the torrent!
[22:17:19]  I informed the tracker that I'm still alive in the torrent!
[22:17:39]  I informed the tracker that I'm still alive in the torrent!
[22:17:59]  I informed the tracker that I'm still alive in the torrent!
[22:18:19]  I informed the tracker that I'm still alive in the torrent!
[22:18:39]  I informed the tracker that I'm still alive in the torrent!
[22:18:59]  I informed the tracker that I'm still alive in the torrent!
[22:19:19]  I informed the tracker that I'm still alive in the torrent!
[22:19:39]  I informed the tracker that I'm still alive in the torrent!
[22:19:59]  I informed the tracker that I'm still alive in the torrent!
[22:20:19]  I informed the tracker that I'm still alive in the torrent!
[22:20:39]  I informed the tracker that I'm still alive in the torrent!
[22:20:59]  I informed the tracker that I'm still alive in the torrent!
[22:21:19]  I informed the tracker that I'm still alive in the torrent!
[22:21:39]  I informed the tracker that I'm still alive in the torrent!
[22:21:59]  I informed the tracker that I'm still alive in the torrent!
[22:22:19]  I informed the tracker that I'm still alive in the torrent!
[22:22:39]  I informed the tracker that I'm still alive in the torrent!
[22:22:59]  I informed the tracker that I'm still alive in the torrent!
[22:23:19]  I informed the tracker that I'm still alive in the torrent!
[22:23:39]  I informed the tracker that I'm still alive in the torrent!
[22:23:59]  I informed the tracker that I'm still alive in the torrent!
[22:24:19]  I informed the tracker that I'm still alive in the torrent!
[22:24:39]  I informed the tracker that I'm still alive in the torrent!
[22:24:59]  I informed the tracker that I'm still alive in the torrent!
[22:25:19]  I informed the tracker that I'm still alive in the torrent!
[22:25:39]  I informed the tracker that I'm still alive in the torrent!
[22:25:59]  I informed the tracker that I'm still alive in the torrent!
[22:26:19]  I informed the tracker that I'm still alive in the torrent!
[22:26:39]  I informed the tracker that I'm still alive in the torrent!
[22:26:59]  I informed the tracker that I'm still alive in the torrent!
[22:27:19]  I informed the tracker that I'm still alive in the torrent!
[22:27:39]  I informed the tracker that I'm still alive in the torrent!
[22:27:59]  I informed the tracker that I'm still alive in the torrent!
[22:28:19]  I informed the tracker that I'm still alive in the torrent!
[22:28:39]  I informed the tracker that I'm still alive in the torrent!
[22:28:59]  I informed the tracker that I'm still alive in the torrent!
[22:29:19]  I informed the tracker that I'm still alive in the torrent!
[22:29:39]  I informed the tracker that I'm still alive in the torrent!
[22:29:59]  I informed the tracker that I'm still alive in the torrent!
[22:30:19]  I informed the tracker that I'm still alive in the torrent!
[22:30:39]  I informed the tracker that I'm still alive in the torrent!
[22:30:59]  I informed the tracker that I'm still alive in the torrent!
[00:00:53]  Successfully entered the torrent.
[00:01:00]  ***************** Node program started just right now! *****************
[00:01:02]  Successfully entered the torrent.
[00:01:02]  I informed the tracker that I'm still alive in the torrent!
[00:01:07]  I informed the tracker that I'm still alive in the torrent!
[00:01:27]  I informed the tracker that I'm still alive in the torrent!
[00:01:47]  I informed the tracker that I'm still alive in the torrent!
[00:02:07]  I informed the tracker that I'm still alive in the torrent!
[00:02:19]  Successfully entered the torrent.
[00:02:28]  ***************** Node program started just right now! *****************
[00:02:30]  Successfully entered the torrent.
[00:02:30]  I informed the tracker that I'm still alive in the torrent!
[00:02:35]  I informed the tracker that I'm still alive in the torrent!
[00:02:49]  Successfully entered the torrent.
[00:03:06]  ***************** Node program started just right now! *****************
[00:03:08]  Successfully entered the torrent.
[00:03:08]  I informed the tracker that I'm still alive in the torrent!
[00:03:10]  I informed the tracker that I'm still alive in the torrent!
[00:03:23]  I informed the tracker that I'm still alive in the torrent!
[00:03:43]  I informed the tracker that I'm still alive in the torrent!
[00:04:03]  I informed the tracker that I'm still alive in the torrent!
[00:04:23]  I informed the tracker that I'm still alive in the torrent!
[00:04:43]  I informed the tracker that I'm still alive in the torrent!
[00:05:03]  I informed the tracker that I'm still alive in the torrent!
[00:05:23]  I informed the tracker that I'm still alive in the torrent!
[00:05:43]  I informed the tracker that I'm still alive in the torrent!
[00:06:03]  I informed the tracker that I'm still alive in the torrent!
[00:06:23]  I informed the tracker that I'm still alive in the torrent!
[00:06:43]  I informed the tracker that I'm still alive in the torrent!
[00:07:03]  I informed the tracker that I'm still alive in the torrent!
[00:07:28]  Successfully entered the torrent.
[00:07:39]  You don't have file_A.txt
[00:09:21]  ***************** Node program started just right now! *****************
[00:09:38]  Successfully entered the torrent.
[00:09:44]  Announced ownership of file_A.txt to tracker.
[00:09:44]  Waiting for requests...
[00:10:09]  Successfully entered the torrent.
[00:10:20]  You already have this file!
[00:10:29]  You already have this file!
[00:13:11]  Successfully entered the torrent.
[00:13:28]  Announced ownership of file_B.txt to tracker.
[00:13:28]  Waiting for requests...
[00:14:04]  Successfully entered the torrent.
[00:15:59]  Successfully entered the torrent.
[00:16:08]  Announced ownership of file_A.txt to tracker.
[00:16:08]  Waiting for requests...
[00:16:17]  Successfully entered the torrent.
[00:16:33]  You already have this file!
[00:16:45]  You already have this file!
[00:16:46]  You already have this file!
[00:16:46]  You already have this file!
[00:16:46]  You already have this file!
[00:16:46]  You already have this file!
[00:20:16]  You just started to download file_A.txt. Let's search it in torrent!
[00:20:18]  No one has file_A.txt
[00:20:20]  Announced ownership of file_A.txt to tracker.
[00:20:20]  Waiting for requests...
[00:20:39]  Successfully entered the torrent.
[00:20:44]  You just started to download file_A.txt. Let's search it in torrent!
[00:20:46]  No one has file_A.txt
[00:22:27]  ***************** Node program started just right now! *****************
[00:22:29]  Successfully entered the torrent.
[00:22:29]  I informed the tracker that I'm still alive in the torrent!
[00:22:29]  ***************** Node program started just right now! *****************
[00:23:13]  Successfully entered the torrent.
[00:26:38]  ***************** Node program started just right now! *****************
[00:26:49]  Successfully entered the torrent.
[00:31:13]  Successfully entered the torrent.
[00:34:42]  Successfully entered the torrent.
[00:34:47]  You don't have file_A.txt
[00:35:31]  Successfully entered the torrent.
[00:40:52]  Successfully entered the torrent.
[00:41:35]  Successfully entered the torrent.
[00:41:39]  Successfully entered the torrent.
[00:41:43]  You don't have file_A.txt
[00:45:37]  Successfully entered the torrent.
[00:45:40]  You don't have file_A.txt
[00:49:04]  Successfully entered the torrent.
[00:49:07]  You don't have file_A.txt
[00:54:57]  Successfully entered the torrent.
[00:55:07]  ***************** Node program started just right now! *****************
[00:55:09]  Successfully entered the torrent.
[00:55:43]  ***************** Node program started just right now! *****************
[18:55:12]  ***************** Node program started just right now! *****************
[18:55:23]  ***************** Node program started just right now! *****************
[19:06:36]  ***************** Node program started just right now! *****************
[19:09:45]  ***************** Node program started just right now! *****************
[19:15:54]  ***************** Node program started just right now! *****************
